2023-09-07 20:26:35,366 [Worker-1: Loading available Gradle versions] INFO  o.e.b.c.i.u.g.PublishedGradleVersions - Gradle version information cache is not available. Remote download required.
2023-09-07 20:29:05,616 [Worker-12: Launching mavenrun-768300fb-aa1d-43dd-bddb-eb76827915a3] INFO  o.eclipse.m2e.core.internal.Bundles - getClasspathEntries(Bundle=org.eclipse.m2e.maven.runtime_3.8.604.20221130-2149 [270])
2023-09-07 20:29:05,626 [Worker-12: Launching mavenrun-768300fb-aa1d-43dd-bddb-eb76827915a3] INFO  o.eclipse.m2e.core.internal.Bundles - 	Entry: C:\Intel\Eclipse Java 2022-12-R\Eclipse Java 2022-12-R\plugins\org.eclipse.m2e.maven.runtime_3.8.604.20221130-2149
2023-09-07 20:29:05,627 [Worker-12: Launching mavenrun-768300fb-aa1d-43dd-bddb-eb76827915a3] INFO  o.eclipse.m2e.core.internal.Bundles - 	Entry: C:\Intel\Eclipse Java 2022-12-R\Eclipse Java 2022-12-R\plugins\org.eclipse.m2e.maven.runtime_3.8.604.20221130-2149\jars\aether-connector-okhttp-0.17.8.jar
2023-09-07 20:29:05,627 [Worker-12: Launching mavenrun-768300fb-aa1d-43dd-bddb-eb76827915a3] INFO  o.eclipse.m2e.core.internal.Bundles - 	Entry: C:\Intel\Eclipse Java 2022-12-R\Eclipse Java 2022-12-R\plugins\org.eclipse.m2e.maven.runtime_3.8.604.20221130-2149\jars\commons-cli-1.4.jar
2023-09-07 20:29:05,627 [Worker-12: Launching mavenrun-768300fb-aa1d-43dd-bddb-eb76827915a3] INFO  o.eclipse.m2e.core.internal.Bundles - 	Entry: C:\Intel\Eclipse Java 2022-12-R\Eclipse Java 2022-12-R\plugins\org.eclipse.m2e.maven.runtime_3.8.604.20221130-2149\jars\commons-io-2.6.jar
2023-09-07 20:29:05,627 [Worker-12: Launching mavenrun-768300fb-aa1d-43dd-bddb-eb76827915a3] INFO  o.eclipse.m2e.core.internal.Bundles - 	Entry: C:\Intel\Eclipse Java 2022-12-R\Eclipse Java 2022-12-R\plugins\org.eclipse.m2e.maven.runtime_3.8.604.20221130-2149\jars\commons-lang3-3.8.1.jar
2023-09-07 20:29:05,628 [Worker-12: Launching mavenrun-768300fb-aa1d-43dd-bddb-eb76827915a3] INFO  o.eclipse.m2e.core.internal.Bundles - 	Entry: C:\Intel\Eclipse Java 2022-12-R\Eclipse Java 2022-12-R\plugins\org.eclipse.m2e.maven.runtime_3.8.604.20221130-2149\jars\guice-4.2.2-no_aop.jar
2023-09-07 20:29:05,628 [Worker-12: Launching mavenrun-768300fb-aa1d-43dd-bddb-eb76827915a3] INFO  o.eclipse.m2e.core.internal.Bundles - 	Entry: C:\Intel\Eclipse Java 2022-12-R\Eclipse Java 2022-12-R\plugins\org.eclipse.m2e.maven.runtime_3.8.604.20221130-2149\jars\jansi-2.4.0.jar
2023-09-07 20:29:05,628 [Worker-12: Launching mavenrun-768300fb-aa1d-43dd-bddb-eb76827915a3] INFO  o.eclipse.m2e.core.internal.Bundles - 	Entry: C:\Intel\Eclipse Java 2022-12-R\Eclipse Java 2022-12-R\plugins\org.eclipse.m2e.maven.runtime_3.8.604.20221130-2149\jars\maven-artifact-3.8.6.jar
2023-09-07 20:29:05,628 [Worker-12: Launching mavenrun-768300fb-aa1d-43dd-bddb-eb76827915a3] INFO  o.eclipse.m2e.core.internal.Bundles - 	Entry: C:\Intel\Eclipse Java 2022-12-R\Eclipse Java 2022-12-R\plugins\org.eclipse.m2e.maven.runtime_3.8.604.20221130-2149\jars\maven-builder-support-3.8.6.jar
2023-09-07 20:29:05,628 [Worker-12: Launching mavenrun-768300fb-aa1d-43dd-bddb-eb76827915a3] INFO  o.eclipse.m2e.core.internal.Bundles - 	Entry: C:\Intel\Eclipse Java 2022-12-R\Eclipse Java 2022-12-R\plugins\org.eclipse.m2e.maven.runtime_3.8.604.20221130-2149\jars\maven-compat-3.8.6.jar
2023-09-07 20:29:05,629 [Worker-12: Launching mavenrun-768300fb-aa1d-43dd-bddb-eb76827915a3] INFO  o.eclipse.m2e.core.internal.Bundles - 	Entry: C:\Intel\Eclipse Java 2022-12-R\Eclipse Java 2022-12-R\plugins\org.eclipse.m2e.maven.runtime_3.8.604.20221130-2149\jars\maven-core-3.8.6.jar
2023-09-07 20:29:05,629 [Worker-12: Launching mavenrun-768300fb-aa1d-43dd-bddb-eb76827915a3] INFO  o.eclipse.m2e.core.internal.Bundles - 	Entry: C:\Intel\Eclipse Java 2022-12-R\Eclipse Java 2022-12-R\plugins\org.eclipse.m2e.maven.runtime_3.8.604.20221130-2149\jars\maven-embedder-3.8.6.jar
2023-09-07 20:29:05,629 [Worker-12: Launching mavenrun-768300fb-aa1d-43dd-bddb-eb76827915a3] INFO  o.eclipse.m2e.core.internal.Bundles - 	Entry: C:\Intel\Eclipse Java 2022-12-R\Eclipse Java 2022-12-R\plugins\org.eclipse.m2e.maven.runtime_3.8.604.20221130-2149\jars\maven-model-3.8.6.jar
2023-09-07 20:29:05,629 [Worker-12: Launching mavenrun-768300fb-aa1d-43dd-bddb-eb76827915a3] INFO  o.eclipse.m2e.core.internal.Bundles - 	Entry: C:\Intel\Eclipse Java 2022-12-R\Eclipse Java 2022-12-R\plugins\org.eclipse.m2e.maven.runtime_3.8.604.20221130-2149\jars\maven-model-builder-3.8.6.jar
2023-09-07 20:29:05,630 [Worker-12: Launching mavenrun-768300fb-aa1d-43dd-bddb-eb76827915a3] INFO  o.eclipse.m2e.core.internal.Bundles - 	Entry: C:\Intel\Eclipse Java 2022-12-R\Eclipse Java 2022-12-R\plugins\org.eclipse.m2e.maven.runtime_3.8.604.20221130-2149\jars\maven-plugin-api-3.8.6.jar
2023-09-07 20:29:05,630 [Worker-12: Launching mavenrun-768300fb-aa1d-43dd-bddb-eb76827915a3] INFO  o.eclipse.m2e.core.internal.Bundles - 	Entry: C:\Intel\Eclipse Java 2022-12-R\Eclipse Java 2022-12-R\plugins\org.eclipse.m2e.maven.runtime_3.8.604.20221130-2149\jars\maven-repository-metadata-3.8.6.jar
2023-09-07 20:29:05,630 [Worker-12: Launching mavenrun-768300fb-aa1d-43dd-bddb-eb76827915a3] INFO  o.eclipse.m2e.core.internal.Bundles - 	Entry: C:\Intel\Eclipse Java 2022-12-R\Eclipse Java 2022-12-R\plugins\org.eclipse.m2e.maven.runtime_3.8.604.20221130-2149\jars\maven-resolver-api-1.6.3.jar
2023-09-07 20:29:05,630 [Worker-12: Launching mavenrun-768300fb-aa1d-43dd-bddb-eb76827915a3] INFO  o.eclipse.m2e.core.internal.Bundles - 	Entry: C:\Intel\Eclipse Java 2022-12-R\Eclipse Java 2022-12-R\plugins\org.eclipse.m2e.maven.runtime_3.8.604.20221130-2149\jars\maven-resolver-connector-basic-1.6.3.jar
2023-09-07 20:29:05,630 [Worker-12: Launching mavenrun-768300fb-aa1d-43dd-bddb-eb76827915a3] INFO  o.eclipse.m2e.core.internal.Bundles - 	Entry: C:\Intel\Eclipse Java 2022-12-R\Eclipse Java 2022-12-R\plugins\org.eclipse.m2e.maven.runtime_3.8.604.20221130-2149\jars\maven-resolver-impl-1.6.3.jar
2023-09-07 20:29:05,630 [Worker-12: Launching mavenrun-768300fb-aa1d-43dd-bddb-eb76827915a3] INFO  o.eclipse.m2e.core.internal.Bundles - 	Entry: C:\Intel\Eclipse Java 2022-12-R\Eclipse Java 2022-12-R\plugins\org.eclipse.m2e.maven.runtime_3.8.604.20221130-2149\jars\maven-resolver-provider-3.8.6.jar
2023-09-07 20:29:05,631 [Worker-12: Launching mavenrun-768300fb-aa1d-43dd-bddb-eb76827915a3] INFO  o.eclipse.m2e.core.internal.Bundles - 	Entry: C:\Intel\Eclipse Java 2022-12-R\Eclipse Java 2022-12-R\plugins\org.eclipse.m2e.maven.runtime_3.8.604.20221130-2149\jars\maven-resolver-spi-1.6.3.jar
2023-09-07 20:29:05,631 [Worker-12: Launching mavenrun-768300fb-aa1d-43dd-bddb-eb76827915a3] INFO  o.eclipse.m2e.core.internal.Bundles - 	Entry: C:\Intel\Eclipse Java 2022-12-R\Eclipse Java 2022-12-R\plugins\org.eclipse.m2e.maven.runtime_3.8.604.20221130-2149\jars\maven-resolver-transport-wagon-1.6.3.jar
2023-09-07 20:29:05,631 [Worker-12: Launching mavenrun-768300fb-aa1d-43dd-bddb-eb76827915a3] INFO  o.eclipse.m2e.core.internal.Bundles - 	Entry: C:\Intel\Eclipse Java 2022-12-R\Eclipse Java 2022-12-R\plugins\org.eclipse.m2e.maven.runtime_3.8.604.20221130-2149\jars\maven-resolver-util-1.6.3.jar
2023-09-07 20:29:05,631 [Worker-12: Launching mavenrun-768300fb-aa1d-43dd-bddb-eb76827915a3] INFO  o.eclipse.m2e.core.internal.Bundles - 	Entry: C:\Intel\Eclipse Java 2022-12-R\Eclipse Java 2022-12-R\plugins\org.eclipse.m2e.maven.runtime_3.8.604.20221130-2149\jars\maven-settings-3.8.6.jar
2023-09-07 20:29:05,631 [Worker-12: Launching mavenrun-768300fb-aa1d-43dd-bddb-eb76827915a3] INFO  o.eclipse.m2e.core.internal.Bundles - 	Entry: C:\Intel\Eclipse Java 2022-12-R\Eclipse Java 2022-12-R\plugins\org.eclipse.m2e.maven.runtime_3.8.604.20221130-2149\jars\maven-settings-builder-3.8.6.jar
2023-09-07 20:29:05,631 [Worker-12: Launching mavenrun-768300fb-aa1d-43dd-bddb-eb76827915a3] INFO  o.eclipse.m2e.core.internal.Bundles - 	Entry: C:\Intel\Eclipse Java 2022-12-R\Eclipse Java 2022-12-R\plugins\org.eclipse.m2e.maven.runtime_3.8.604.20221130-2149\jars\maven-shared-utils-3.3.4.jar
2023-09-07 20:29:05,632 [Worker-12: Launching mavenrun-768300fb-aa1d-43dd-bddb-eb76827915a3] INFO  o.eclipse.m2e.core.internal.Bundles - 	Entry: C:\Intel\Eclipse Java 2022-12-R\Eclipse Java 2022-12-R\plugins\org.eclipse.m2e.maven.runtime_3.8.604.20221130-2149\jars\okhttp-3.14.1.jar
2023-09-07 20:29:05,632 [Worker-12: Launching mavenrun-768300fb-aa1d-43dd-bddb-eb76827915a3] INFO  o.eclipse.m2e.core.internal.Bundles - 	Entry: C:\Intel\Eclipse Java 2022-12-R\Eclipse Java 2022-12-R\plugins\org.eclipse.m2e.maven.runtime_3.8.604.20221130-2149\jars\okio-1.17.3.jar
2023-09-07 20:29:05,632 [Worker-12: Launching mavenrun-768300fb-aa1d-43dd-bddb-eb76827915a3] INFO  o.eclipse.m2e.core.internal.Bundles - 	Entry: C:\Intel\Eclipse Java 2022-12-R\Eclipse Java 2022-12-R\plugins\org.eclipse.m2e.maven.runtime_3.8.604.20221130-2149\jars\org.eclipse.sisu.inject-0.3.5.jar
2023-09-07 20:29:05,632 [Worker-12: Launching mavenrun-768300fb-aa1d-43dd-bddb-eb76827915a3] INFO  o.eclipse.m2e.core.internal.Bundles - 	Entry: C:\Intel\Eclipse Java 2022-12-R\Eclipse Java 2022-12-R\plugins\org.eclipse.m2e.maven.runtime_3.8.604.20221130-2149\jars\org.eclipse.sisu.plexus-0.3.5.jar
2023-09-07 20:29:05,632 [Worker-12: Launching mavenrun-768300fb-aa1d-43dd-bddb-eb76827915a3] INFO  o.eclipse.m2e.core.internal.Bundles - 	Entry: C:\Intel\Eclipse Java 2022-12-R\Eclipse Java 2022-12-R\plugins\org.eclipse.m2e.maven.runtime_3.8.604.20221130-2149\jars\plexus-build-api-0.0.7.jar
2023-09-07 20:29:05,632 [Worker-12: Launching mavenrun-768300fb-aa1d-43dd-bddb-eb76827915a3] INFO  o.eclipse.m2e.core.internal.Bundles - 	Entry: C:\Intel\Eclipse Java 2022-12-R\Eclipse Java 2022-12-R\plugins\org.eclipse.m2e.maven.runtime_3.8.604.20221130-2149\jars\plexus-cipher-2.0.jar
2023-09-07 20:29:05,633 [Worker-12: Launching mavenrun-768300fb-aa1d-43dd-bddb-eb76827915a3] INFO  o.eclipse.m2e.core.internal.Bundles - 	Entry: C:\Intel\Eclipse Java 2022-12-R\Eclipse Java 2022-12-R\plugins\org.eclipse.m2e.maven.runtime_3.8.604.20221130-2149\jars\plexus-classworlds-2.6.0.jar
2023-09-07 20:29:05,633 [Worker-12: Launching mavenrun-768300fb-aa1d-43dd-bddb-eb76827915a3] INFO  o.eclipse.m2e.core.internal.Bundles - 	Entry: C:\Intel\Eclipse Java 2022-12-R\Eclipse Java 2022-12-R\plugins\org.eclipse.m2e.maven.runtime_3.8.604.20221130-2149\jars\plexus-component-annotations-2.1.0.jar
2023-09-07 20:29:05,633 [Worker-12: Launching mavenrun-768300fb-aa1d-43dd-bddb-eb76827915a3] INFO  o.eclipse.m2e.core.internal.Bundles - 	Entry: C:\Intel\Eclipse Java 2022-12-R\Eclipse Java 2022-12-R\plugins\org.eclipse.m2e.maven.runtime_3.8.604.20221130-2149\jars\plexus-interpolation-1.26.jar
2023-09-07 20:29:05,633 [Worker-12: Launching mavenrun-768300fb-aa1d-43dd-bddb-eb76827915a3] INFO  o.eclipse.m2e.core.internal.Bundles - 	Entry: C:\Intel\Eclipse Java 2022-12-R\Eclipse Java 2022-12-R\plugins\org.eclipse.m2e.maven.runtime_3.8.604.20221130-2149\jars\plexus-sec-dispatcher-2.0.jar
2023-09-07 20:29:05,634 [Worker-12: Launching mavenrun-768300fb-aa1d-43dd-bddb-eb76827915a3] INFO  o.eclipse.m2e.core.internal.Bundles - 	Entry: C:\Intel\Eclipse Java 2022-12-R\Eclipse Java 2022-12-R\plugins\org.eclipse.m2e.maven.runtime_3.8.604.20221130-2149\jars\plexus-utils-3.3.1.jar
2023-09-07 20:29:05,634 [Worker-12: Launching mavenrun-768300fb-aa1d-43dd-bddb-eb76827915a3] INFO  o.eclipse.m2e.core.internal.Bundles - 	Entry: C:\Intel\Eclipse Java 2022-12-R\Eclipse Java 2022-12-R\plugins\org.eclipse.m2e.maven.runtime_3.8.604.20221130-2149\jars\wagon-file-3.5.1.jar
2023-09-07 20:29:05,634 [Worker-12: Launching mavenrun-768300fb-aa1d-43dd-bddb-eb76827915a3] INFO  o.eclipse.m2e.core.internal.Bundles - 	Entry: C:\Intel\Eclipse Java 2022-12-R\Eclipse Java 2022-12-R\plugins\org.eclipse.m2e.maven.runtime_3.8.604.20221130-2149\jars\wagon-provider-api-3.5.1.jar
2023-09-07 20:29:05,639 [Worker-12: Launching mavenrun-768300fb-aa1d-43dd-bddb-eb76827915a3] INFO  o.eclipse.m2e.core.internal.Bundles - getClasspathEntries(Bundle=com.google.guava_30.1.0.v20221112-0806 [8])
2023-09-07 20:29:05,642 [Worker-12: Launching mavenrun-768300fb-aa1d-43dd-bddb-eb76827915a3] INFO  o.eclipse.m2e.core.internal.Bundles - 	Entry: C:\Intel\Eclipse Java 2022-12-R\Eclipse Java 2022-12-R\plugins\com.google.guava_30.1.0.v20221112-0806.jar
2023-09-07 20:29:05,642 [Worker-12: Launching mavenrun-768300fb-aa1d-43dd-bddb-eb76827915a3] INFO  o.eclipse.m2e.core.internal.Bundles - getClasspathEntries(Bundle=slf4j.api_1.7.36 [434])
2023-09-07 20:29:05,643 [Worker-12: Launching mavenrun-768300fb-aa1d-43dd-bddb-eb76827915a3] INFO  o.eclipse.m2e.core.internal.Bundles - 	Entry: C:\Intel\Eclipse Java 2022-12-R\Eclipse Java 2022-12-R\plugins\slf4j.api_1.7.36.jar
2023-09-07 20:29:05,643 [Worker-12: Launching mavenrun-768300fb-aa1d-43dd-bddb-eb76827915a3] INFO  o.eclipse.m2e.core.internal.Bundles - getClasspathEntries(Bundle=javax.inject_1.0.0.v20220405-0441 [18])
2023-09-07 20:29:05,645 [Worker-12: Launching mavenrun-768300fb-aa1d-43dd-bddb-eb76827915a3] INFO  o.eclipse.m2e.core.internal.Bundles - 	Entry: C:\Intel\Eclipse Java 2022-12-R\Eclipse Java 2022-12-R\plugins\javax.inject_1.0.0.v20220405-0441.jar
2023-09-07 20:29:05,645 [Worker-12: Launching mavenrun-768300fb-aa1d-43dd-bddb-eb76827915a3] INFO  o.eclipse.m2e.core.internal.Bundles - getClasspathEntries(Bundle=javax.annotation_1.3.5.v20221112-0806 [16])
2023-09-07 20:29:05,646 [Worker-12: Launching mavenrun-768300fb-aa1d-43dd-bddb-eb76827915a3] INFO  o.eclipse.m2e.core.internal.Bundles - 	Entry: C:\Intel\Eclipse Java 2022-12-R\Eclipse Java 2022-12-R\plugins\javax.annotation_1.3.5.v20221112-0806.jar
2023-09-07 20:29:05,652 [Worker-12: Launching mavenrun-768300fb-aa1d-43dd-bddb-eb76827915a3] INFO  o.e.m.i.launch.MavenLaunchDelegate - Run build in "C:\Users\SISPAM~1\AppData\Local\Temp\m2e-archetypeGenerator15830628512151960820":
2023-09-07 20:29:05,659 [Worker-12: Launching mavenrun-768300fb-aa1d-43dd-bddb-eb76827915a3] INFO  o.e.m.i.launch.MavenLaunchDelegate -  mvn  -DarchetypeGroupId=org.apache.maven.archetypes -DarchetypeArtifactId=maven-archetype-quickstart -DarchetypeVersion=1.1 -DgroupId=Java_Qu01 -DartifactId=Java_Qu01 -Dversion=0.0.1-SNAPSHOT -Dpackage=Java_Qu01.Java_Qu01 -DoutputDirectory=C:\Users\SISPAMPATHY\Desktop\Question_01 -Dstyle.color=always -U archetype:generate
2023-09-07 20:29:30,482 [Worker-9: Creating maven-archetype-quickstart] INFO  o.e.m.c.i.p.ProjectConfigurationManager - Collecting project info '/pom.xml' C:\Users\SISPAMPATHY\Desktop\Question_01\Java_Qu01\pom.xml
2023-09-07 20:29:31,681 [Worker-9: Creating maven-archetype-quickstart] INFO  o.e.m.c.i.l.LifecycleMappingFactory - Using org.eclipse.m2e.jdt.JarLifecycleMapping lifecycle mapping for MavenProject: Java_Qu01:Java_Qu01:0.0.1-SNAPSHOT @ C:\Users\SISPAMPATHY\Desktop\Question_01\Java_Qu01\pom.xml.
2023-09-07 20:29:32,251 [Worker-9: Creating maven-archetype-quickstart] INFO  o.e.m.j.i.AbstractJavaProjectConfigurator - Adding source folder /Java_Qu01/src/main/java
2023-09-07 20:29:32,265 [Worker-9: Creating maven-archetype-quickstart] INFO  o.e.m.j.i.AbstractJavaProjectConfigurator - Adding source folder /Java_Qu01/src/test/java
2023-09-07 20:29:32,414 [Worker-9: Creating maven-archetype-quickstart] INFO  o.e.m.c.i.p.ProjectConfigurationManager - Imported and configured 1 project(s) in 1 sec
2023-09-07 20:29:32,781 [Worker-11: Building] INFO  o.e.m.c.i.embedder.EclipseLogger - Using 'UTF-8' encoding to copy filtered resources.
2023-09-07 20:29:32,782 [Worker-11: Building] INFO  o.e.m.c.i.embedder.EclipseLogger - skip non existing resourceDirectory C:\Users\SISPAMPATHY\Desktop\Question_01\Java_Qu01\src\main\resources
2023-09-07 20:29:32,786 [Worker-11: Building] INFO  o.e.m.c.i.embedder.EclipseLogger - Using 'UTF-8' encoding to copy filtered resources.
2023-09-07 20:29:32,787 [Worker-11: Building] INFO  o.e.m.c.i.embedder.EclipseLogger - skip non existing resourceDirectory C:\Users\SISPAMPATHY\Desktop\Question_01\Java_Qu01\src\test\resources
2023-09-07 20:30:38,211 [Worker-11: Building] INFO  o.e.m.c.i.embedder.EclipseLogger - Using 'UTF-8' encoding to copy filtered resources.
2023-09-07 20:30:38,212 [Worker-11: Building] INFO  o.e.m.c.i.embedder.EclipseLogger - skip non existing resourceDirectory C:\Users\SISPAMPATHY\Desktop\Question_01\Java_Qu01\src\main\resources
2023-09-07 20:30:38,216 [Worker-11: Building] INFO  o.e.m.c.i.embedder.EclipseLogger - Using 'UTF-8' encoding to copy filtered resources.
2023-09-07 20:30:38,216 [Worker-11: Building] INFO  o.e.m.c.i.embedder.EclipseLogger - skip non existing resourceDirectory C:\Users\SISPAMPATHY\Desktop\Question_01\Java_Qu01\src\test\resources
2023-09-07 20:33:20,168 [Worker-13: Building] INFO  o.e.m.c.i.l.LifecycleMappingFactory - Using org.eclipse.m2e.jdt.JarLifecycleMapping lifecycle mapping for MavenProject: Java_Qu01:Java_Qu01:0.0.1-SNAPSHOT @ C:\Users\SISPAMPATHY\Desktop\Question_01\Java_Qu01\pom.xml.
2023-09-07 20:33:31,913 [Worker-13: Building] INFO  o.e.m.c.i.e.AbstractTransferListenerAdapter - Downloaded http://azuvtafflex01:8383/repository/accello/org/apache/poi/poi/3.10-FINAL/poi-3.10-FINAL.pom
2023-09-07 20:33:52,447 [Worker-13: Building] INFO  o.e.m.c.i.e.AbstractTransferListenerAdapter - Downloading https://repo.maven.apache.org/maven2/org/apache/poi/poi/3.10-FINAL/poi-3.10-FINAL.pom
2023-09-07 20:33:54,363 [Worker-13: Building] INFO  o.e.m.c.i.e.AbstractTransferListenerAdapter - Downloaded https://repo.maven.apache.org/maven2/org/apache/poi/poi/3.10-FINAL/poi-3.10-FINAL.pom
2023-09-07 20:33:54,737 [AetherRepositoryConnector-azuvtafflex01-0-0] INFO  o.e.m.c.i.e.AbstractTransferListenerAdapter - Downloaded http://azuvtafflex01:8383/repository/accello/org/apache/poi/poi/3.10-FINAL/poi-3.10-FINAL.jar
2023-09-07 20:33:54,850 [AetherRepositoryConnector-azuvtafflex01-0-1] INFO  o.e.m.c.i.e.AbstractTransferListenerAdapter - Downloaded http://azuvtafflex01:8383/repository/accello/commons-codec/commons-codec/1.5/commons-codec-1.5.jar
2023-09-07 20:33:54,957 [AetherRepositoryConnector-repo.maven.apache.org-1-1] INFO  o.e.m.c.i.e.AbstractTransferListenerAdapter - Downloading https://repo.maven.apache.org/maven2/commons-codec/commons-codec/1.5/commons-codec-1.5.jar
2023-09-07 20:33:55,441 [AetherRepositoryConnector-repo.maven.apache.org-1-0] INFO  o.e.m.c.i.e.AbstractTransferListenerAdapter - Downloading https://repo.maven.apache.org/maven2/org/apache/poi/poi/3.10-FINAL/poi-3.10-FINAL.jar
2023-09-07 20:33:56,066 [AetherRepositoryConnector-repo.maven.apache.org-1-1] INFO  o.e.m.c.i.e.AbstractTransferListenerAdapter - Downloaded https://repo.maven.apache.org/maven2/commons-codec/commons-codec/1.5/commons-codec-1.5.jar
2023-09-07 20:33:57,561 [AetherRepositoryConnector-repo.maven.apache.org-1-0] INFO  o.e.m.c.i.e.AbstractTransferListenerAdapter - Downloaded https://repo.maven.apache.org/maven2/org/apache/poi/poi/3.10-FINAL/poi-3.10-FINAL.jar
2023-09-07 20:33:57,835 [Worker-13: Building] INFO  o.e.m.c.i.embedder.EclipseLogger - Using 'UTF-8' encoding to copy filtered resources.
2023-09-07 20:33:57,836 [Worker-13: Building] INFO  o.e.m.c.i.embedder.EclipseLogger - skip non existing resourceDirectory C:\Users\SISPAMPATHY\Desktop\Question_01\Java_Qu01\src\main\resources
2023-09-07 20:33:57,838 [Worker-13: Building] INFO  o.e.m.c.i.embedder.EclipseLogger - Using 'UTF-8' encoding to copy filtered resources.
2023-09-07 20:33:57,838 [Worker-13: Building] INFO  o.e.m.c.i.embedder.EclipseLogger - skip non existing resourceDirectory C:\Users\SISPAMPATHY\Desktop\Question_01\Java_Qu01\src\test\resources
2023-09-07 20:34:09,355 [Worker-4: Loading available Gradle versions] INFO  o.e.b.c.i.u.g.PublishedGradleVersions - Gradle version information cache is not available. Remote download required.
2023-09-07 20:40:55,092 [Worker-12: Building] INFO  o.e.m.c.i.embedder.EclipseLogger - Using 'UTF-8' encoding to copy filtered resources.
2023-09-07 20:40:55,093 [Worker-12: Building] INFO  o.e.m.c.i.embedder.EclipseLogger - skip non existing resourceDirectory C:\Users\SISPAMPATHY\Desktop\Question_01\Java_Qu01\src\main\resources
2023-09-07 20:40:55,096 [Worker-12: Building] INFO  o.e.m.c.i.embedder.EclipseLogger - Using 'UTF-8' encoding to copy filtered resources.
2023-09-07 20:40:55,097 [Worker-12: Building] INFO  o.e.m.c.i.embedder.EclipseLogger - skip non existing resourceDirectory C:\Users\SISPAMPATHY\Desktop\Question_01\Java_Qu01\src\test\resources
2023-09-07 20:41:18,324 [Worker-15: Building] INFO  o.e.m.c.i.embedder.EclipseLogger - Using 'UTF-8' encoding to copy filtered resources.
2023-09-07 20:41:18,325 [Worker-15: Building] INFO  o.e.m.c.i.embedder.EclipseLogger - skip non existing resourceDirectory C:\Users\SISPAMPATHY\Desktop\Question_01\Java_Qu01\src\main\resources
2023-09-07 20:41:18,329 [Worker-15: Building] INFO  o.e.m.c.i.embedder.EclipseLogger - Using 'UTF-8' encoding to copy filtered resources.
2023-09-07 20:41:18,330 [Worker-15: Building] INFO  o.e.m.c.i.embedder.EclipseLogger - skip non existing resourceDirectory C:\Users\SISPAMPATHY\Desktop\Question_01\Java_Qu01\src\test\resources
2023-09-07 21:05:18,824 [Worker-16: Building] INFO  o.e.m.c.i.l.LifecycleMappingFactory - Using org.eclipse.m2e.jdt.JarLifecycleMapping lifecycle mapping for MavenProject: Java_Qu01:Java_Qu01:0.0.1-SNAPSHOT @ C:\Users\SISPAMPATHY\Desktop\Question_01\Java_Qu01\pom.xml.
2023-09-07 21:05:25,452 [Worker-16: Building] INFO  o.e.m.c.i.e.AbstractTransferListenerAdapter - Downloaded http://azuvtafflex01:8383/repository/accello/org/apache/poi/poi/5.2.2/poi-5.2.2.pom
2023-09-07 21:05:51,426 [Worker-16: Building] INFO  o.e.m.c.i.e.AbstractTransferListenerAdapter - Downloading https://repo.maven.apache.org/maven2/org/apache/poi/poi/5.2.2/poi-5.2.2.pom
2023-09-07 21:05:59,194 [Worker-16: Building] INFO  o.e.m.c.i.e.AbstractTransferListenerAdapter - Downloaded https://repo.maven.apache.org/maven2/org/apache/poi/poi/5.2.2/poi-5.2.2.pom
2023-09-07 21:06:04,216 [Worker-16: Building] INFO  o.e.m.c.i.e.AbstractTransferListenerAdapter - Downloaded http://azuvtafflex01:8383/repository/accello/org/apache/poi/poi-ooxml-lite/5.2.2/poi-ooxml-lite-5.2.2.pom
2023-09-07 21:06:08,183 [Worker-16: Building] INFO  o.e.m.c.i.e.AbstractTransferListenerAdapter - Downloading https://repo.maven.apache.org/maven2/org/apache/poi/poi-ooxml-lite/5.2.2/poi-ooxml-lite-5.2.2.pom
2023-09-07 21:06:14,775 [Worker-16: Building] INFO  o.e.m.c.i.e.AbstractTransferListenerAdapter - Downloaded https://repo.maven.apache.org/maven2/org/apache/poi/poi-ooxml-lite/5.2.2/poi-ooxml-lite-5.2.2.pom
2023-09-07 21:06:21,596 [Worker-16: Building] INFO  o.e.m.c.i.e.AbstractTransferListenerAdapter - Downloaded http://azuvtafflex01:8383/repository/accello/org/apache/xmlbeans/xmlbeans/5.0.3/xmlbeans-5.0.3.pom
2023-09-07 21:06:26,973 [Worker-16: Building] INFO  o.e.m.c.i.e.AbstractTransferListenerAdapter - Downloading https://repo.maven.apache.org/maven2/org/apache/xmlbeans/xmlbeans/5.0.3/xmlbeans-5.0.3.pom
2023-09-07 21:06:29,139 [Worker-16: Building] INFO  o.e.m.c.i.e.AbstractTransferListenerAdapter - Downloaded https://repo.maven.apache.org/maven2/org/apache/xmlbeans/xmlbeans/5.0.3/xmlbeans-5.0.3.pom
2023-09-07 21:06:33,285 [Worker-16: Building] INFO  o.e.m.c.i.e.AbstractTransferListenerAdapter - Downloaded http://azuvtafflex01:8383/repository/accello/org/apache/logging/log4j/log4j/2.17.1/log4j-2.17.1.pom
2023-09-07 21:06:36,810 [Worker-16: Building] INFO  o.e.m.c.i.e.AbstractTransferListenerAdapter - Downloading https://repo.maven.apache.org/maven2/org/apache/logging/log4j/log4j/2.17.1/log4j-2.17.1.pom
2023-09-07 21:06:40,403 [Worker-16: Building] INFO  o.e.m.c.i.e.AbstractTransferListenerAdapter - Downloaded https://repo.maven.apache.org/maven2/org/apache/logging/log4j/log4j/2.17.1/log4j-2.17.1.pom
2023-09-07 21:06:43,552 [Worker-16: Building] INFO  o.e.m.c.i.e.AbstractTransferListenerAdapter - Downloaded http://azuvtafflex01:8383/repository/accello/com/github/virtuald/curvesapi/1.07/curvesapi-1.07.pom
2023-09-07 21:06:48,314 [Worker-16: Building] INFO  o.e.m.c.i.e.AbstractTransferListenerAdapter - Downloading https://repo.maven.apache.org/maven2/com/github/virtuald/curvesapi/1.07/curvesapi-1.07.pom
2023-09-07 21:06:52,905 [Worker-16: Building] INFO  o.e.m.c.i.e.AbstractTransferListenerAdapter - Downloaded https://repo.maven.apache.org/maven2/com/github/virtuald/curvesapi/1.07/curvesapi-1.07.pom
2023-09-07 21:06:58,482 [AetherRepositoryConnector-azuvtafflex01-0-1] INFO  o.e.m.c.i.e.AbstractTransferListenerAdapter - Downloaded http://azuvtafflex01:8383/repository/accello/org/apache/poi/poi-ooxml/5.2.2/poi-ooxml-5.2.2.jar
2023-09-07 21:06:58,678 [AetherRepositoryConnector-azuvtafflex01-0-0] INFO  o.e.m.c.i.e.AbstractTransferListenerAdapter - Downloaded http://azuvtafflex01:8383/repository/accello/org/apache/poi/poi/5.2.2/poi-5.2.2.jar
2023-09-07 21:06:58,700 [AetherRepositoryConnector-azuvtafflex01-0-4] INFO  o.e.m.c.i.e.AbstractTransferListenerAdapter - Downloaded http://azuvtafflex01:8383/repository/accello/com/github/virtuald/curvesapi/1.07/curvesapi-1.07.jar
2023-09-07 21:06:58,962 [AetherRepositoryConnector-azuvtafflex01-0-2] INFO  o.e.m.c.i.e.AbstractTransferListenerAdapter - Downloaded http://azuvtafflex01:8383/repository/accello/org/apache/poi/poi-ooxml-lite/5.2.2/poi-ooxml-lite-5.2.2.jar
2023-09-07 21:06:58,977 [AetherRepositoryConnector-azuvtafflex01-0-3] INFO  o.e.m.c.i.e.AbstractTransferListenerAdapter - Downloaded http://azuvtafflex01:8383/repository/accello/org/apache/xmlbeans/xmlbeans/5.0.3/xmlbeans-5.0.3.jar
2023-09-07 21:07:04,307 [AetherRepositoryConnector-repo.maven.apache.org-1-0] INFO  o.e.m.c.i.e.AbstractTransferListenerAdapter - Downloading https://repo.maven.apache.org/maven2/org/apache/poi/poi/5.2.2/poi-5.2.2.jar
2023-09-07 21:07:04,794 [AetherRepositoryConnector-repo.maven.apache.org-1-4] INFO  o.e.m.c.i.e.AbstractTransferListenerAdapter - Downloading https://repo.maven.apache.org/maven2/com/github/virtuald/curvesapi/1.07/curvesapi-1.07.jar
2023-09-07 21:07:04,794 [AetherRepositoryConnector-repo.maven.apache.org-1-1] INFO  o.e.m.c.i.e.AbstractTransferListenerAdapter - Downloading https://repo.maven.apache.org/maven2/org/apache/poi/poi-ooxml/5.2.2/poi-ooxml-5.2.2.jar
2023-09-07 21:07:04,794 [AetherRepositoryConnector-repo.maven.apache.org-1-2] INFO  o.e.m.c.i.e.AbstractTransferListenerAdapter - Downloading https://repo.maven.apache.org/maven2/org/apache/poi/poi-ooxml-lite/5.2.2/poi-ooxml-lite-5.2.2.jar
2023-09-07 21:07:04,794 [AetherRepositoryConnector-repo.maven.apache.org-1-3] INFO  o.e.m.c.i.e.AbstractTransferListenerAdapter - Downloading https://repo.maven.apache.org/maven2/org/apache/xmlbeans/xmlbeans/5.0.3/xmlbeans-5.0.3.jar
2023-09-07 21:07:09,138 [AetherRepositoryConnector-repo.maven.apache.org-1-4] INFO  o.e.m.c.i.e.AbstractTransferListenerAdapter - Downloaded https://repo.maven.apache.org/maven2/com/github/virtuald/curvesapi/1.07/curvesapi-1.07.jar
2023-09-07 21:07:12,317 [AetherRepositoryConnector-repo.maven.apache.org-1-1] INFO  o.e.m.c.i.e.AbstractTransferListenerAdapter - Downloaded https://repo.maven.apache.org/maven2/org/apache/poi/poi-ooxml/5.2.2/poi-ooxml-5.2.2.jar
2023-09-07 21:07:12,693 [AetherRepositoryConnector-repo.maven.apache.org-1-3] INFO  o.e.m.c.i.e.AbstractTransferListenerAdapter - Downloaded https://repo.maven.apache.org/maven2/org/apache/xmlbeans/xmlbeans/5.0.3/xmlbeans-5.0.3.jar
2023-09-07 21:07:13,031 [AetherRepositoryConnector-repo.maven.apache.org-1-0] INFO  o.e.m.c.i.e.AbstractTransferListenerAdapter - Downloaded https://repo.maven.apache.org/maven2/org/apache/poi/poi/5.2.2/poi-5.2.2.jar
2023-09-07 21:07:13,842 [AetherRepositoryConnector-repo.maven.apache.org-1-2] INFO  o.e.m.c.i.e.AbstractTransferListenerAdapter - Downloaded https://repo.maven.apache.org/maven2/org/apache/poi/poi-ooxml-lite/5.2.2/poi-ooxml-lite-5.2.2.jar
2023-09-07 21:07:14,171 [Worker-16: Building] INFO  o.e.m.c.i.embedder.EclipseLogger - Using 'UTF-8' encoding to copy filtered resources.
2023-09-07 21:07:14,172 [Worker-16: Building] INFO  o.e.m.c.i.embedder.EclipseLogger - skip non existing resourceDirectory C:\Users\SISPAMPATHY\Desktop\Question_01\Java_Qu01\src\main\resources
2023-09-07 21:07:14,176 [Worker-16: Building] INFO  o.e.m.c.i.embedder.EclipseLogger - Using 'UTF-8' encoding to copy filtered resources.
2023-09-07 21:07:14,176 [Worker-16: Building] INFO  o.e.m.c.i.embedder.EclipseLogger - skip non existing resourceDirectory C:\Users\SISPAMPATHY\Desktop\Question_01\Java_Qu01\src\test\resources
2023-09-07 21:07:27,596 [Worker-4: Loading available Gradle versions] INFO  o.e.b.c.i.u.g.PublishedGradleVersions - Gradle version information cache is not available. Remote download required.
2023-09-07 21:07:29,532 [Worker-8: Building] INFO  o.e.m.c.i.embedder.EclipseLogger - Using 'UTF-8' encoding to copy filtered resources.
2023-09-07 21:07:29,533 [Worker-8: Building] INFO  o.e.m.c.i.embedder.EclipseLogger - skip non existing resourceDirectory C:\Users\SISPAMPATHY\Desktop\Question_01\Java_Qu01\src\main\resources
2023-09-07 21:07:29,538 [Worker-8: Building] INFO  o.e.m.c.i.embedder.EclipseLogger - Using 'UTF-8' encoding to copy filtered resources.
2023-09-07 21:07:29,539 [Worker-8: Building] INFO  o.e.m.c.i.embedder.EclipseLogger - skip non existing resourceDirectory C:\Users\SISPAMPATHY\Desktop\Question_01\Java_Qu01\src\test\resources
2023-09-07 21:08:15,128 [Worker-10: Building] INFO  o.e.m.c.i.embedder.EclipseLogger - Using 'UTF-8' encoding to copy filtered resources.
2023-09-07 21:08:15,129 [Worker-10: Building] INFO  o.e.m.c.i.embedder.EclipseLogger - skip non existing resourceDirectory C:\Users\SISPAMPATHY\Desktop\Question_01\Java_Qu01\src\main\resources
2023-09-07 21:08:15,132 [Worker-10: Building] INFO  o.e.m.c.i.embedder.EclipseLogger - Using 'UTF-8' encoding to copy filtered resources.
2023-09-07 21:08:15,132 [Worker-10: Building] INFO  o.e.m.c.i.embedder.EclipseLogger - skip non existing resourceDirectory C:\Users\SISPAMPATHY\Desktop\Question_01\Java_Qu01\src\test\resources
2023-09-07 21:40:42,906 [Worker-1: Building] INFO  o.e.m.c.i.embedder.EclipseLogger - Using 'UTF-8' encoding to copy filtered resources.
2023-09-07 21:40:42,907 [Worker-1: Building] INFO  o.e.m.c.i.embedder.EclipseLogger - skip non existing resourceDirectory C:\Users\SISPAMPATHY\Desktop\Question_01\Java_Qu01\src\main\resources
2023-09-07 21:40:42,909 [Worker-1: Building] INFO  o.e.m.c.i.embedder.EclipseLogger - Using 'UTF-8' encoding to copy filtered resources.
2023-09-07 21:40:42,910 [Worker-1: Building] INFO  o.e.m.c.i.embedder.EclipseLogger - skip non existing resourceDirectory C:\Users\SISPAMPATHY\Desktop\Question_01\Java_Qu01\src\test\resources
2023-09-07 21:41:37,780 [Worker-15: Building] INFO  o.e.m.c.i.embedder.EclipseLogger - Using 'UTF-8' encoding to copy filtered resources.
2023-09-07 21:41:37,781 [Worker-15: Building] INFO  o.e.m.c.i.embedder.EclipseLogger - skip non existing resourceDirectory C:\Users\SISPAMPATHY\Desktop\Question_01\Java_Qu01\src\main\resources
2023-09-07 21:41:37,784 [Worker-15: Building] INFO  o.e.m.c.i.embedder.EclipseLogger - Using 'UTF-8' encoding to copy filtered resources.
2023-09-07 21:41:37,784 [Worker-15: Building] INFO  o.e.m.c.i.embedder.EclipseLogger - skip non existing resourceDirectory C:\Users\SISPAMPATHY\Desktop\Question_01\Java_Qu01\src\test\resources
2023-09-07 21:41:47,515 [Worker-1: Download sources and javadoc] INFO  o.e.m.c.i.e.AbstractTransferListenerAdapter - Downloaded http://azuvtafflex01:8383/repository/accello/org/apache/poi/poi/5.2.2/poi-5.2.2-sources.jar
2023-09-07 21:41:48,584 [Worker-1: Download sources and javadoc] INFO  o.e.m.c.i.e.AbstractTransferListenerAdapter - Downloading https://repo.maven.apache.org/maven2/org/apache/poi/poi/5.2.2/poi-5.2.2-sources.jar
2023-09-07 21:41:49,940 [Worker-1: Download sources and javadoc] INFO  o.e.m.c.i.e.AbstractTransferListenerAdapter - Downloaded https://repo.maven.apache.org/maven2/org/apache/poi/poi/5.2.2/poi-5.2.2-sources.jar
2023-09-07 21:41:49,949 [Worker-1: Download sources and javadoc] INFO  o.e.m.j.internal.DownloadSourcesJob - Downloaded sources for org.apache.poi:poi:5.2.2
2023-09-07 21:41:50,156 [Worker-1: Download sources and javadoc] INFO  o.e.m.c.i.e.AbstractTransferListenerAdapter - Downloaded http://azuvtafflex01:8383/repository/accello/org/apache/logging/log4j/log4j-api/2.17.2/log4j-api-2.17.2-sources.jar
2023-09-07 21:41:50,562 [Worker-1: Download sources and javadoc] INFO  o.e.m.c.i.e.AbstractTransferListenerAdapter - Downloading https://repo.maven.apache.org/maven2/org/apache/logging/log4j/log4j-api/2.17.2/log4j-api-2.17.2-sources.jar
2023-09-07 21:41:51,249 [Worker-1: Download sources and javadoc] INFO  o.e.m.c.i.e.AbstractTransferListenerAdapter - Downloaded https://repo.maven.apache.org/maven2/org/apache/logging/log4j/log4j-api/2.17.2/log4j-api-2.17.2-sources.jar
2023-09-07 21:41:51,254 [Worker-1: Download sources and javadoc] INFO  o.e.m.j.internal.DownloadSourcesJob - Downloaded sources for org.apache.logging.log4j:log4j-api:2.17.2
2023-09-07 21:41:51,480 [Worker-1: Download sources and javadoc] INFO  o.e.m.c.i.e.AbstractTransferListenerAdapter - Downloaded http://azuvtafflex01:8383/repository/accello/org/apache/poi/poi-ooxml/5.2.2/poi-ooxml-5.2.2-sources.jar
2023-09-07 21:41:51,943 [Worker-1: Download sources and javadoc] INFO  o.e.m.c.i.e.AbstractTransferListenerAdapter - Downloading https://repo.maven.apache.org/maven2/org/apache/poi/poi-ooxml/5.2.2/poi-ooxml-5.2.2-sources.jar
2023-09-07 21:41:52,992 [Worker-1: Download sources and javadoc] INFO  o.e.m.c.i.e.AbstractTransferListenerAdapter - Downloaded https://repo.maven.apache.org/maven2/org/apache/poi/poi-ooxml/5.2.2/poi-ooxml-5.2.2-sources.jar
2023-09-07 21:41:53,002 [Worker-1: Download sources and javadoc] INFO  o.e.m.j.internal.DownloadSourcesJob - Downloaded sources for org.apache.poi:poi-ooxml:5.2.2
2023-09-07 21:41:53,213 [Worker-1: Download sources and javadoc] INFO  o.e.m.c.i.e.AbstractTransferListenerAdapter - Downloaded http://azuvtafflex01:8383/repository/accello/org/apache/poi/poi-ooxml-lite/5.2.2/poi-ooxml-lite-5.2.2-sources.jar
2023-09-07 21:41:53,700 [Worker-1: Download sources and javadoc] INFO  o.e.m.c.i.e.AbstractTransferListenerAdapter - Downloading https://repo.maven.apache.org/maven2/org/apache/poi/poi-ooxml-lite/5.2.2/poi-ooxml-lite-5.2.2-sources.jar
2023-09-07 21:41:57,724 [Worker-1: Download sources and javadoc] INFO  o.e.m.c.i.e.AbstractTransferListenerAdapter - Downloaded https://repo.maven.apache.org/maven2/org/apache/poi/poi-ooxml-lite/5.2.2/poi-ooxml-lite-5.2.2-sources.jar
2023-09-07 21:41:57,728 [Worker-1: Download sources and javadoc] INFO  o.e.m.j.internal.DownloadSourcesJob - Downloaded sources for org.apache.poi:poi-ooxml-lite:5.2.2
2023-09-07 21:41:57,933 [Worker-1: Download sources and javadoc] INFO  o.e.m.c.i.e.AbstractTransferListenerAdapter - Downloaded http://azuvtafflex01:8383/repository/accello/org/apache/xmlbeans/xmlbeans/5.0.3/xmlbeans-5.0.3-sources.jar
2023-09-07 21:41:58,361 [Worker-1: Download sources and javadoc] INFO  o.e.m.c.i.e.AbstractTransferListenerAdapter - Downloading https://repo.maven.apache.org/maven2/org/apache/xmlbeans/xmlbeans/5.0.3/xmlbeans-5.0.3-sources.jar
2023-09-07 21:41:59,457 [Worker-1: Download sources and javadoc] INFO  o.e.m.c.i.e.AbstractTransferListenerAdapter - Downloaded https://repo.maven.apache.org/maven2/org/apache/xmlbeans/xmlbeans/5.0.3/xmlbeans-5.0.3-sources.jar
2023-09-07 21:41:59,460 [Worker-1: Download sources and javadoc] INFO  o.e.m.j.internal.DownloadSourcesJob - Downloaded sources for org.apache.xmlbeans:xmlbeans:5.0.3
2023-09-07 21:41:59,700 [Worker-1: Download sources and javadoc] INFO  o.e.m.c.i.e.AbstractTransferListenerAdapter - Downloaded http://azuvtafflex01:8383/repository/accello/com/github/virtuald/curvesapi/1.07/curvesapi-1.07-sources.jar
2023-09-07 21:42:00,152 [Worker-1: Download sources and javadoc] INFO  o.e.m.c.i.e.AbstractTransferListenerAdapter - Downloading https://repo.maven.apache.org/maven2/com/github/virtuald/curvesapi/1.07/curvesapi-1.07-sources.jar
2023-09-07 21:42:00,679 [Worker-1: Download sources and javadoc] INFO  o.e.m.c.i.e.AbstractTransferListenerAdapter - Downloaded https://repo.maven.apache.org/maven2/com/github/virtuald/curvesapi/1.07/curvesapi-1.07-sources.jar
2023-09-07 21:42:00,683 [Worker-1: Download sources and javadoc] INFO  o.e.m.j.internal.DownloadSourcesJob - Downloaded sources for com.github.virtuald:curvesapi:1.07
2023-09-07 21:42:00,864 [Worker-18: Building] INFO  o.e.m.c.i.embedder.EclipseLogger - Using 'UTF-8' encoding to copy filtered resources.
2023-09-07 21:42:00,865 [Worker-18: Building] INFO  o.e.m.c.i.embedder.EclipseLogger - skip non existing resourceDirectory C:\Users\SISPAMPATHY\Desktop\Question_01\Java_Qu01\src\main\resources
2023-09-07 21:42:00,867 [Worker-18: Building] INFO  o.e.m.c.i.embedder.EclipseLogger - Using 'UTF-8' encoding to copy filtered resources.
2023-09-07 21:42:00,867 [Worker-18: Building] INFO  o.e.m.c.i.embedder.EclipseLogger - skip non existing resourceDirectory C:\Users\SISPAMPATHY\Desktop\Question_01\Java_Qu01\src\test\resources
2023-09-07 21:43:46,301 [Worker-19: Building] INFO  o.e.m.c.i.l.LifecycleMappingFactory - Using org.eclipse.m2e.jdt.JarLifecycleMapping lifecycle mapping for MavenProject: Java_Qu01:Java_Qu01:0.0.1-SNAPSHOT @ C:\Users\SISPAMPATHY\Desktop\Question_01\Java_Qu01\pom.xml.
2023-09-07 21:43:46,789 [Worker-19: Building] INFO  o.e.m.c.i.e.AbstractTransferListenerAdapter - Downloaded http://azuvtafflex01:8383/repository/accello/org/apache/logging/log4j/log4j-core/2.20.0/log4j-core-2.20.0.jar
2023-09-07 21:43:47,225 [Worker-19: Building] INFO  o.e.m.c.i.e.AbstractTransferListenerAdapter - Downloading https://repo.maven.apache.org/maven2/org/apache/logging/log4j/log4j-core/2.20.0/log4j-core-2.20.0.jar
2023-09-07 21:43:48,511 [Worker-19: Building] INFO  o.e.m.c.i.e.AbstractTransferListenerAdapter - Downloaded https://repo.maven.apache.org/maven2/org/apache/logging/log4j/log4j-core/2.20.0/log4j-core-2.20.0.jar
2023-09-07 21:43:48,858 [Worker-19: Building] INFO  o.e.m.c.i.embedder.EclipseLogger - Using 'UTF-8' encoding to copy filtered resources.
2023-09-07 21:43:48,858 [Worker-19: Building] INFO  o.e.m.c.i.embedder.EclipseLogger - skip non existing resourceDirectory C:\Users\SISPAMPATHY\Desktop\Question_01\Java_Qu01\src\main\resources
2023-09-07 21:43:48,861 [Worker-19: Building] INFO  o.e.m.c.i.embedder.EclipseLogger - Using 'UTF-8' encoding to copy filtered resources.
2023-09-07 21:43:48,861 [Worker-19: Building] INFO  o.e.m.c.i.embedder.EclipseLogger - skip non existing resourceDirectory C:\Users\SISPAMPATHY\Desktop\Question_01\Java_Qu01\src\test\resources
2023-09-07 21:44:01,002 [Worker-3: Loading available Gradle versions] INFO  o.e.b.c.i.u.g.PublishedGradleVersions - Gradle version information cache is not available. Remote download required.
2023-09-07 21:44:30,294 [Worker-8: Launching WriteExcelDataDemo] INFO  o.e.m.c.i.embedder.EclipseLogger - Using 'UTF-8' encoding to copy filtered resources.
2023-09-07 21:44:30,294 [Worker-8: Launching WriteExcelDataDemo] INFO  o.e.m.c.i.embedder.EclipseLogger - skip non existing resourceDirectory C:\Users\SISPAMPATHY\Desktop\Question_01\Java_Qu01\src\main\resources
2023-09-07 21:44:30,299 [Worker-8: Launching WriteExcelDataDemo] INFO  o.e.m.c.i.embedder.EclipseLogger - Using 'UTF-8' encoding to copy filtered resources.
2023-09-07 21:44:30,299 [Worker-8: Launching WriteExcelDataDemo] INFO  o.e.m.c.i.embedder.EclipseLogger - skip non existing resourceDirectory C:\Users\SISPAMPATHY\Desktop\Question_01\Java_Qu01\src\test\resources
2023-09-07 21:44:31,882 [Worker-9: Download sources and javadoc] INFO  o.e.m.c.i.e.AbstractTransferListenerAdapter - Downloaded http://azuvtafflex01:8383/repository/accello/org/apache/logging/log4j/log4j-api/2.20.0/log4j-api-2.20.0-sources.jar
2023-09-07 21:44:33,243 [Worker-9: Download sources and javadoc] INFO  o.e.m.c.i.e.AbstractTransferListenerAdapter - Downloading https://repo.maven.apache.org/maven2/org/apache/logging/log4j/log4j-api/2.20.0/log4j-api-2.20.0-sources.jar
2023-09-07 21:44:33,970 [Worker-9: Download sources and javadoc] INFO  o.e.m.c.i.e.AbstractTransferListenerAdapter - Downloaded https://repo.maven.apache.org/maven2/org/apache/logging/log4j/log4j-api/2.20.0/log4j-api-2.20.0-sources.jar
2023-09-07 21:44:33,977 [Worker-9: Download sources and javadoc] INFO  o.e.m.j.internal.DownloadSourcesJob - Downloaded sources for org.apache.logging.log4j:log4j-api:2.20.0
2023-09-07 21:44:34,194 [Worker-9: Download sources and javadoc] INFO  o.e.m.c.i.e.AbstractTransferListenerAdapter - Downloaded http://azuvtafflex01:8383/repository/accello/org/apache/logging/log4j/log4j-core/2.20.0/log4j-core-2.20.0-sources.jar
2023-09-07 21:44:34,805 [Worker-9: Download sources and javadoc] INFO  o.e.m.c.i.e.AbstractTransferListenerAdapter - Downloading https://repo.maven.apache.org/maven2/org/apache/logging/log4j/log4j-core/2.20.0/log4j-core-2.20.0-sources.jar
2023-09-07 21:44:35,691 [Worker-9: Download sources and javadoc] INFO  o.e.m.c.i.e.AbstractTransferListenerAdapter - Downloaded https://repo.maven.apache.org/maven2/org/apache/logging/log4j/log4j-core/2.20.0/log4j-core-2.20.0-sources.jar
2023-09-07 21:44:35,700 [Worker-9: Download sources and javadoc] INFO  o.e.m.j.internal.DownloadSourcesJob - Downloaded sources for org.apache.logging.log4j:log4j-core:2.20.0
2023-09-07 21:44:35,940 [Worker-1: Building] INFO  o.e.m.c.i.embedder.EclipseLogger - Using 'UTF-8' encoding to copy filtered resources.
2023-09-07 21:44:35,940 [Worker-1: Building] INFO  o.e.m.c.i.embedder.EclipseLogger - skip non existing resourceDirectory C:\Users\SISPAMPATHY\Desktop\Question_01\Java_Qu01\src\main\resources
2023-09-07 21:44:35,943 [Worker-1: Building] INFO  o.e.m.c.i.embedder.EclipseLogger - Using 'UTF-8' encoding to copy filtered resources.
2023-09-07 21:44:35,943 [Worker-1: Building] INFO  o.e.m.c.i.embedder.EclipseLogger - skip non existing resourceDirectory C:\Users\SISPAMPATHY\Desktop\Question_01\Java_Qu01\src\test\resources
2023-09-07 21:45:08,050 [Worker-4: Launching WriteExcelDataDemo] INFO  o.e.m.c.i.embedder.EclipseLogger - Using 'UTF-8' encoding to copy filtered resources.
2023-09-07 21:45:08,051 [Worker-4: Launching WriteExcelDataDemo] INFO  o.e.m.c.i.embedder.EclipseLogger - skip non existing resourceDirectory C:\Users\SISPAMPATHY\Desktop\Question_01\Java_Qu01\src\main\resources
2023-09-07 21:45:08,054 [Worker-4: Launching WriteExcelDataDemo] INFO  o.e.m.c.i.embedder.EclipseLogger - Using 'UTF-8' encoding to copy filtered resources.
2023-09-07 21:45:08,055 [Worker-4: Launching WriteExcelDataDemo] INFO  o.e.m.c.i.embedder.EclipseLogger - skip non existing resourceDirectory C:\Users\SISPAMPATHY\Desktop\Question_01\Java_Qu01\src\test\resources
2023-09-07 21:45:19,429 [Worker-10: Building] INFO  o.e.m.c.i.embedder.EclipseLogger - Using 'UTF-8' encoding to copy filtered resources.
2023-09-07 21:45:19,429 [Worker-10: Building] INFO  o.e.m.c.i.embedder.EclipseLogger - skip non existing resourceDirectory C:\Users\SISPAMPATHY\Desktop\Question_01\Java_Qu01\src\main\resources
2023-09-07 21:45:19,431 [Worker-10: Building] INFO  o.e.m.c.i.embedder.EclipseLogger - Using 'UTF-8' encoding to copy filtered resources.
2023-09-07 21:45:19,431 [Worker-10: Building] INFO  o.e.m.c.i.embedder.EclipseLogger - skip non existing resourceDirectory C:\Users\SISPAMPATHY\Desktop\Question_01\Java_Qu01\src\test\resources
2023-09-07 21:45:37,484 [Worker-11: Launching Executing test in C__Users_SISPAMPATHY_Desktop_Question_01_Java_Qu01] INFO  o.eclipse.m2e.core.internal.Bundles - getClasspathEntries(Bundle=org.eclipse.m2e.maven.runtime_3.8.604.20221130-2149 [270])
2023-09-07 21:45:37,491 [Worker-11: Launching Executing test in C__Users_SISPAMPATHY_Desktop_Question_01_Java_Qu01] INFO  o.eclipse.m2e.core.internal.Bundles - 	Entry: C:\Intel\Eclipse Java 2022-12-R\Eclipse Java 2022-12-R\plugins\org.eclipse.m2e.maven.runtime_3.8.604.20221130-2149
2023-09-07 21:45:37,493 [Worker-11: Launching Executing test in C__Users_SISPAMPATHY_Desktop_Question_01_Java_Qu01] INFO  o.eclipse.m2e.core.internal.Bundles - 	Entry: C:\Intel\Eclipse Java 2022-12-R\Eclipse Java 2022-12-R\plugins\org.eclipse.m2e.maven.runtime_3.8.604.20221130-2149\jars\aether-connector-okhttp-0.17.8.jar
2023-09-07 21:45:37,493 [Worker-11: Launching Executing test in C__Users_SISPAMPATHY_Desktop_Question_01_Java_Qu01] INFO  o.eclipse.m2e.core.internal.Bundles - 	Entry: C:\Intel\Eclipse Java 2022-12-R\Eclipse Java 2022-12-R\plugins\org.eclipse.m2e.maven.runtime_3.8.604.20221130-2149\jars\commons-cli-1.4.jar
2023-09-07 21:45:37,493 [Worker-11: Launching Executing test in C__Users_SISPAMPATHY_Desktop_Question_01_Java_Qu01] INFO  o.eclipse.m2e.core.internal.Bundles - 	Entry: C:\Intel\Eclipse Java 2022-12-R\Eclipse Java 2022-12-R\plugins\org.eclipse.m2e.maven.runtime_3.8.604.20221130-2149\jars\commons-io-2.6.jar
2023-09-07 21:45:37,493 [Worker-11: Launching Executing test in C__Users_SISPAMPATHY_Desktop_Question_01_Java_Qu01] INFO  o.eclipse.m2e.core.internal.Bundles - 	Entry: C:\Intel\Eclipse Java 2022-12-R\Eclipse Java 2022-12-R\plugins\org.eclipse.m2e.maven.runtime_3.8.604.20221130-2149\jars\commons-lang3-3.8.1.jar
2023-09-07 21:45:37,493 [Worker-11: Launching Executing test in C__Users_SISPAMPATHY_Desktop_Question_01_Java_Qu01] INFO  o.eclipse.m2e.core.internal.Bundles - 	Entry: C:\Intel\Eclipse Java 2022-12-R\Eclipse Java 2022-12-R\plugins\org.eclipse.m2e.maven.runtime_3.8.604.20221130-2149\jars\guice-4.2.2-no_aop.jar
2023-09-07 21:45:37,493 [Worker-11: Launching Executing test in C__Users_SISPAMPATHY_Desktop_Question_01_Java_Qu01] INFO  o.eclipse.m2e.core.internal.Bundles - 	Entry: C:\Intel\Eclipse Java 2022-12-R\Eclipse Java 2022-12-R\plugins\org.eclipse.m2e.maven.runtime_3.8.604.20221130-2149\jars\jansi-2.4.0.jar
2023-09-07 21:45:37,493 [Worker-11: Launching Executing test in C__Users_SISPAMPATHY_Desktop_Question_01_Java_Qu01] INFO  o.eclipse.m2e.core.internal.Bundles - 	Entry: C:\Intel\Eclipse Java 2022-12-R\Eclipse Java 2022-12-R\plugins\org.eclipse.m2e.maven.runtime_3.8.604.20221130-2149\jars\maven-artifact-3.8.6.jar
2023-09-07 21:45:37,493 [Worker-11: Launching Executing test in C__Users_SISPAMPATHY_Desktop_Question_01_Java_Qu01] INFO  o.eclipse.m2e.core.internal.Bundles - 	Entry: C:\Intel\Eclipse Java 2022-12-R\Eclipse Java 2022-12-R\plugins\org.eclipse.m2e.maven.runtime_3.8.604.20221130-2149\jars\maven-builder-support-3.8.6.jar
2023-09-07 21:45:37,494 [Worker-11: Launching Executing test in C__Users_SISPAMPATHY_Desktop_Question_01_Java_Qu01] INFO  o.eclipse.m2e.core.internal.Bundles - 	Entry: C:\Intel\Eclipse Java 2022-12-R\Eclipse Java 2022-12-R\plugins\org.eclipse.m2e.maven.runtime_3.8.604.20221130-2149\jars\maven-compat-3.8.6.jar
2023-09-07 21:45:37,494 [Worker-11: Launching Executing test in C__Users_SISPAMPATHY_Desktop_Question_01_Java_Qu01] INFO  o.eclipse.m2e.core.internal.Bundles - 	Entry: C:\Intel\Eclipse Java 2022-12-R\Eclipse Java 2022-12-R\plugins\org.eclipse.m2e.maven.runtime_3.8.604.20221130-2149\jars\maven-core-3.8.6.jar
2023-09-07 21:45:37,494 [Worker-11: Launching Executing test in C__Users_SISPAMPATHY_Desktop_Question_01_Java_Qu01] INFO  o.eclipse.m2e.core.internal.Bundles - 	Entry: C:\Intel\Eclipse Java 2022-12-R\Eclipse Java 2022-12-R\plugins\org.eclipse.m2e.maven.runtime_3.8.604.20221130-2149\jars\maven-embedder-3.8.6.jar
2023-09-07 21:45:37,494 [Worker-11: Launching Executing test in C__Users_SISPAMPATHY_Desktop_Question_01_Java_Qu01] INFO  o.eclipse.m2e.core.internal.Bundles - 	Entry: C:\Intel\Eclipse Java 2022-12-R\Eclipse Java 2022-12-R\plugins\org.eclipse.m2e.maven.runtime_3.8.604.20221130-2149\jars\maven-model-3.8.6.jar
2023-09-07 21:45:37,495 [Worker-11: Launching Executing test in C__Users_SISPAMPATHY_Desktop_Question_01_Java_Qu01] INFO  o.eclipse.m2e.core.internal.Bundles - 	Entry: C:\Intel\Eclipse Java 2022-12-R\Eclipse Java 2022-12-R\plugins\org.eclipse.m2e.maven.runtime_3.8.604.20221130-2149\jars\maven-model-builder-3.8.6.jar
2023-09-07 21:45:37,495 [Worker-11: Launching Executing test in C__Users_SISPAMPATHY_Desktop_Question_01_Java_Qu01] INFO  o.eclipse.m2e.core.internal.Bundles - 	Entry: C:\Intel\Eclipse Java 2022-12-R\Eclipse Java 2022-12-R\plugins\org.eclipse.m2e.maven.runtime_3.8.604.20221130-2149\jars\maven-plugin-api-3.8.6.jar
2023-09-07 21:45:37,495 [Worker-11: Launching Executing test in C__Users_SISPAMPATHY_Desktop_Question_01_Java_Qu01] INFO  o.eclipse.m2e.core.internal.Bundles - 	Entry: C:\Intel\Eclipse Java 2022-12-R\Eclipse Java 2022-12-R\plugins\org.eclipse.m2e.maven.runtime_3.8.604.20221130-2149\jars\maven-repository-metadata-3.8.6.jar
2023-09-07 21:45:37,495 [Worker-11: Launching Executing test in C__Users_SISPAMPATHY_Desktop_Question_01_Java_Qu01] INFO  o.eclipse.m2e.core.internal.Bundles - 	Entry: C:\Intel\Eclipse Java 2022-12-R\Eclipse Java 2022-12-R\plugins\org.eclipse.m2e.maven.runtime_3.8.604.20221130-2149\jars\maven-resolver-api-1.6.3.jar
2023-09-07 21:45:37,496 [Worker-11: Launching Executing test in C__Users_SISPAMPATHY_Desktop_Question_01_Java_Qu01] INFO  o.eclipse.m2e.core.internal.Bundles - 	Entry: C:\Intel\Eclipse Java 2022-12-R\Eclipse Java 2022-12-R\plugins\org.eclipse.m2e.maven.runtime_3.8.604.20221130-2149\jars\maven-resolver-connector-basic-1.6.3.jar
2023-09-07 21:45:37,496 [Worker-11: Launching Executing test in C__Users_SISPAMPATHY_Desktop_Question_01_Java_Qu01] INFO  o.eclipse.m2e.core.internal.Bundles - 	Entry: C:\Intel\Eclipse Java 2022-12-R\Eclipse Java 2022-12-R\plugins\org.eclipse.m2e.maven.runtime_3.8.604.20221130-2149\jars\maven-resolver-impl-1.6.3.jar
2023-09-07 21:45:37,496 [Worker-11: Launching Executing test in C__Users_SISPAMPATHY_Desktop_Question_01_Java_Qu01] INFO  o.eclipse.m2e.core.internal.Bundles - 	Entry: C:\Intel\Eclipse Java 2022-12-R\Eclipse Java 2022-12-R\plugins\org.eclipse.m2e.maven.runtime_3.8.604.20221130-2149\jars\maven-resolver-provider-3.8.6.jar
2023-09-07 21:45:37,496 [Worker-11: Launching Executing test in C__Users_SISPAMPATHY_Desktop_Question_01_Java_Qu01] INFO  o.eclipse.m2e.core.internal.Bundles - 	Entry: C:\Intel\Eclipse Java 2022-12-R\Eclipse Java 2022-12-R\plugins\org.eclipse.m2e.maven.runtime_3.8.604.20221130-2149\jars\maven-resolver-spi-1.6.3.jar
2023-09-07 21:45:37,496 [Worker-11: Launching Executing test in C__Users_SISPAMPATHY_Desktop_Question_01_Java_Qu01] INFO  o.eclipse.m2e.core.internal.Bundles - 	Entry: C:\Intel\Eclipse Java 2022-12-R\Eclipse Java 2022-12-R\plugins\org.eclipse.m2e.maven.runtime_3.8.604.20221130-2149\jars\maven-resolver-transport-wagon-1.6.3.jar
2023-09-07 21:45:37,496 [Worker-11: Launching Executing test in C__Users_SISPAMPATHY_Desktop_Question_01_Java_Qu01] INFO  o.eclipse.m2e.core.internal.Bundles - 	Entry: C:\Intel\Eclipse Java 2022-12-R\Eclipse Java 2022-12-R\plugins\org.eclipse.m2e.maven.runtime_3.8.604.20221130-2149\jars\maven-resolver-util-1.6.3.jar
2023-09-07 21:45:37,497 [Worker-11: Launching Executing test in C__Users_SISPAMPATHY_Desktop_Question_01_Java_Qu01] INFO  o.eclipse.m2e.core.internal.Bundles - 	Entry: C:\Intel\Eclipse Java 2022-12-R\Eclipse Java 2022-12-R\plugins\org.eclipse.m2e.maven.runtime_3.8.604.20221130-2149\jars\maven-settings-3.8.6.jar
2023-09-07 21:45:37,497 [Worker-11: Launching Executing test in C__Users_SISPAMPATHY_Desktop_Question_01_Java_Qu01] INFO  o.eclipse.m2e.core.internal.Bundles - 	Entry: C:\Intel\Eclipse Java 2022-12-R\Eclipse Java 2022-12-R\plugins\org.eclipse.m2e.maven.runtime_3.8.604.20221130-2149\jars\maven-settings-builder-3.8.6.jar
2023-09-07 21:45:37,498 [Worker-11: Launching Executing test in C__Users_SISPAMPATHY_Desktop_Question_01_Java_Qu01] INFO  o.eclipse.m2e.core.internal.Bundles - 	Entry: C:\Intel\Eclipse Java 2022-12-R\Eclipse Java 2022-12-R\plugins\org.eclipse.m2e.maven.runtime_3.8.604.20221130-2149\jars\maven-shared-utils-3.3.4.jar
2023-09-07 21:45:37,498 [Worker-11: Launching Executing test in C__Users_SISPAMPATHY_Desktop_Question_01_Java_Qu01] INFO  o.eclipse.m2e.core.internal.Bundles - 	Entry: C:\Intel\Eclipse Java 2022-12-R\Eclipse Java 2022-12-R\plugins\org.eclipse.m2e.maven.runtime_3.8.604.20221130-2149\jars\okhttp-3.14.1.jar
2023-09-07 21:45:37,498 [Worker-11: Launching Executing test in C__Users_SISPAMPATHY_Desktop_Question_01_Java_Qu01] INFO  o.eclipse.m2e.core.internal.Bundles - 	Entry: C:\Intel\Eclipse Java 2022-12-R\Eclipse Java 2022-12-R\plugins\org.eclipse.m2e.maven.runtime_3.8.604.20221130-2149\jars\okio-1.17.3.jar
2023-09-07 21:45:37,498 [Worker-11: Launching Executing test in C__Users_SISPAMPATHY_Desktop_Question_01_Java_Qu01] INFO  o.eclipse.m2e.core.internal.Bundles - 	Entry: C:\Intel\Eclipse Java 2022-12-R\Eclipse Java 2022-12-R\plugins\org.eclipse.m2e.maven.runtime_3.8.604.20221130-2149\jars\org.eclipse.sisu.inject-0.3.5.jar
2023-09-07 21:45:37,498 [Worker-11: Launching Executing test in C__Users_SISPAMPATHY_Desktop_Question_01_Java_Qu01] INFO  o.eclipse.m2e.core.internal.Bundles - 	Entry: C:\Intel\Eclipse Java 2022-12-R\Eclipse Java 2022-12-R\plugins\org.eclipse.m2e.maven.runtime_3.8.604.20221130-2149\jars\org.eclipse.sisu.plexus-0.3.5.jar
2023-09-07 21:45:37,499 [Worker-11: Launching Executing test in C__Users_SISPAMPATHY_Desktop_Question_01_Java_Qu01] INFO  o.eclipse.m2e.core.internal.Bundles - 	Entry: C:\Intel\Eclipse Java 2022-12-R\Eclipse Java 2022-12-R\plugins\org.eclipse.m2e.maven.runtime_3.8.604.20221130-2149\jars\plexus-build-api-0.0.7.jar
2023-09-07 21:45:37,499 [Worker-11: Launching Executing test in C__Users_SISPAMPATHY_Desktop_Question_01_Java_Qu01] INFO  o.eclipse.m2e.core.internal.Bundles - 	Entry: C:\Intel\Eclipse Java 2022-12-R\Eclipse Java 2022-12-R\plugins\org.eclipse.m2e.maven.runtime_3.8.604.20221130-2149\jars\plexus-cipher-2.0.jar
2023-09-07 21:45:37,499 [Worker-11: Launching Executing test in C__Users_SISPAMPATHY_Desktop_Question_01_Java_Qu01] INFO  o.eclipse.m2e.core.internal.Bundles - 	Entry: C:\Intel\Eclipse Java 2022-12-R\Eclipse Java 2022-12-R\plugins\org.eclipse.m2e.maven.runtime_3.8.604.20221130-2149\jars\plexus-classworlds-2.6.0.jar
2023-09-07 21:45:37,499 [Worker-11: Launching Executing test in C__Users_SISPAMPATHY_Desktop_Question_01_Java_Qu01] INFO  o.eclipse.m2e.core.internal.Bundles - 	Entry: C:\Intel\Eclipse Java 2022-12-R\Eclipse Java 2022-12-R\plugins\org.eclipse.m2e.maven.runtime_3.8.604.20221130-2149\jars\plexus-component-annotations-2.1.0.jar
2023-09-07 21:45:37,499 [Worker-11: Launching Executing test in C__Users_SISPAMPATHY_Desktop_Question_01_Java_Qu01] INFO  o.eclipse.m2e.core.internal.Bundles - 	Entry: C:\Intel\Eclipse Java 2022-12-R\Eclipse Java 2022-12-R\plugins\org.eclipse.m2e.maven.runtime_3.8.604.20221130-2149\jars\plexus-interpolation-1.26.jar
2023-09-07 21:45:37,500 [Worker-11: Launching Executing test in C__Users_SISPAMPATHY_Desktop_Question_01_Java_Qu01] INFO  o.eclipse.m2e.core.internal.Bundles - 	Entry: C:\Intel\Eclipse Java 2022-12-R\Eclipse Java 2022-12-R\plugins\org.eclipse.m2e.maven.runtime_3.8.604.20221130-2149\jars\plexus-sec-dispatcher-2.0.jar
2023-09-07 21:45:37,500 [Worker-11: Launching Executing test in C__Users_SISPAMPATHY_Desktop_Question_01_Java_Qu01] INFO  o.eclipse.m2e.core.internal.Bundles - 	Entry: C:\Intel\Eclipse Java 2022-12-R\Eclipse Java 2022-12-R\plugins\org.eclipse.m2e.maven.runtime_3.8.604.20221130-2149\jars\plexus-utils-3.3.1.jar
2023-09-07 21:45:37,500 [Worker-11: Launching Executing test in C__Users_SISPAMPATHY_Desktop_Question_01_Java_Qu01] INFO  o.eclipse.m2e.core.internal.Bundles - 	Entry: C:\Intel\Eclipse Java 2022-12-R\Eclipse Java 2022-12-R\plugins\org.eclipse.m2e.maven.runtime_3.8.604.20221130-2149\jars\wagon-file-3.5.1.jar
2023-09-07 21:45:37,501 [Worker-11: Launching Executing test in C__Users_SISPAMPATHY_Desktop_Question_01_Java_Qu01] INFO  o.eclipse.m2e.core.internal.Bundles - 	Entry: C:\Intel\Eclipse Java 2022-12-R\Eclipse Java 2022-12-R\plugins\org.eclipse.m2e.maven.runtime_3.8.604.20221130-2149\jars\wagon-provider-api-3.5.1.jar
2023-09-07 21:45:37,502 [Worker-11: Launching Executing test in C__Users_SISPAMPATHY_Desktop_Question_01_Java_Qu01] INFO  o.eclipse.m2e.core.internal.Bundles - getClasspathEntries(Bundle=com.google.guava_30.1.0.v20221112-0806 [8])
2023-09-07 21:45:37,508 [Worker-11: Launching Executing test in C__Users_SISPAMPATHY_Desktop_Question_01_Java_Qu01] INFO  o.eclipse.m2e.core.internal.Bundles - 	Entry: C:\Intel\Eclipse Java 2022-12-R\Eclipse Java 2022-12-R\plugins\com.google.guava_30.1.0.v20221112-0806.jar
2023-09-07 21:45:37,508 [Worker-11: Launching Executing test in C__Users_SISPAMPATHY_Desktop_Question_01_Java_Qu01] INFO  o.eclipse.m2e.core.internal.Bundles - getClasspathEntries(Bundle=slf4j.api_1.7.36 [434])
2023-09-07 21:45:37,509 [Worker-11: Launching Executing test in C__Users_SISPAMPATHY_Desktop_Question_01_Java_Qu01] INFO  o.eclipse.m2e.core.internal.Bundles - 	Entry: C:\Intel\Eclipse Java 2022-12-R\Eclipse Java 2022-12-R\plugins\slf4j.api_1.7.36.jar
2023-09-07 21:45:37,509 [Worker-11: Launching Executing test in C__Users_SISPAMPATHY_Desktop_Question_01_Java_Qu01] INFO  o.eclipse.m2e.core.internal.Bundles - getClasspathEntries(Bundle=javax.inject_1.0.0.v20220405-0441 [18])
2023-09-07 21:45:37,511 [Worker-11: Launching Executing test in C__Users_SISPAMPATHY_Desktop_Question_01_Java_Qu01] INFO  o.eclipse.m2e.core.internal.Bundles - 	Entry: C:\Intel\Eclipse Java 2022-12-R\Eclipse Java 2022-12-R\plugins\javax.inject_1.0.0.v20220405-0441.jar
2023-09-07 21:45:37,511 [Worker-11: Launching Executing test in C__Users_SISPAMPATHY_Desktop_Question_01_Java_Qu01] INFO  o.eclipse.m2e.core.internal.Bundles - getClasspathEntries(Bundle=javax.annotation_1.3.5.v20221112-0806 [16])
2023-09-07 21:45:37,513 [Worker-11: Launching Executing test in C__Users_SISPAMPATHY_Desktop_Question_01_Java_Qu01] INFO  o.eclipse.m2e.core.internal.Bundles - 	Entry: C:\Intel\Eclipse Java 2022-12-R\Eclipse Java 2022-12-R\plugins\javax.annotation_1.3.5.v20221112-0806.jar
2023-09-07 21:45:37,519 [Worker-11: Launching Executing test in C__Users_SISPAMPATHY_Desktop_Question_01_Java_Qu01] INFO  o.e.m.i.launch.MavenLaunchDelegate - Run build in "C:\Users\SISPAMPATHY\Desktop\Question_01\Java_Qu01":
2023-09-07 21:45:37,520 [Worker-11: Launching Executing test in C__Users_SISPAMPATHY_Desktop_Question_01_Java_Qu01] INFO  o.e.m.i.launch.MavenLaunchDelegate -  mvn  -B -Dstyle.color=always test
2023-09-07 21:45:40,686 [Worker-11: Building] INFO  o.e.m.c.i.embedder.EclipseLogger - Using 'UTF-8' encoding to copy filtered resources.
2023-09-07 21:45:40,687 [Worker-11: Building] INFO  o.e.m.c.i.embedder.EclipseLogger - skip non existing resourceDirectory C:\Users\SISPAMPATHY\Desktop\Question_01\Java_Qu01\src\main\resources
2023-09-07 21:45:40,688 [Worker-11: Building] INFO  o.e.m.c.i.embedder.EclipseLogger - Using 'UTF-8' encoding to copy filtered resources.
2023-09-07 21:45:40,688 [Worker-11: Building] INFO  o.e.m.c.i.embedder.EclipseLogger - skip non existing resourceDirectory C:\Users\SISPAMPATHY\Desktop\Question_01\Java_Qu01\src\test\resources
2023-09-07 22:01:46,603 [Worker-13: Building] INFO  o.e.m.c.i.embedder.EclipseLogger - Using 'UTF-8' encoding to copy filtered resources.
2023-09-07 22:01:46,604 [Worker-13: Building] INFO  o.e.m.c.i.embedder.EclipseLogger - skip non existing resourceDirectory C:\Users\SISPAMPATHY\Desktop\Question_01\Java_Qu01\src\main\resources
2023-09-07 22:01:46,606 [Worker-13: Building] INFO  o.e.m.c.i.embedder.EclipseLogger - Using 'UTF-8' encoding to copy filtered resources.
2023-09-07 22:01:46,606 [Worker-13: Building] INFO  o.e.m.c.i.embedder.EclipseLogger - skip non existing resourceDirectory C:\Users\SISPAMPATHY\Desktop\Question_01\Java_Qu01\src\test\resources
2023-09-07 23:03:39,306 [Worker-18: Building] INFO  o.e.m.c.i.embedder.EclipseLogger - Using 'UTF-8' encoding to copy filtered resources.
2023-09-07 23:03:39,320 [Worker-18: Building] INFO  o.e.m.c.i.embedder.EclipseLogger - skip non existing resourceDirectory C:\Users\SISPAMPATHY\Desktop\Question_01\Java_Qu01\src\main\resources
2023-09-07 23:03:39,324 [Worker-18: Building] INFO  o.e.m.c.i.embedder.EclipseLogger - Using 'UTF-8' encoding to copy filtered resources.
2023-09-07 23:03:39,324 [Worker-18: Building] INFO  o.e.m.c.i.embedder.EclipseLogger - skip non existing resourceDirectory C:\Users\SISPAMPATHY\Desktop\Question_01\Java_Qu01\src\test\resources
2023-09-08 13:17:01,543 [Worker-6: Loading available Gradle versions] INFO  o.e.b.c.i.u.g.PublishedGradleVersions - Gradle version information cache is not available. Remote download required.
2023-09-08 13:21:37,815 [Worker-13: Building] INFO  o.e.m.c.i.embedder.EclipseLogger - Using 'UTF-8' encoding to copy filtered resources.
2023-09-08 13:21:37,824 [Worker-13: Building] INFO  o.e.m.c.i.embedder.EclipseLogger - skip non existing resourceDirectory C:\Users\SISPAMPATHY\Desktop\Question_01\Java_Qu01\src\main\resources
2023-09-08 13:21:37,827 [Worker-13: Building] INFO  o.e.m.c.i.embedder.EclipseLogger - Using 'UTF-8' encoding to copy filtered resources.
2023-09-08 13:21:37,828 [Worker-13: Building] INFO  o.e.m.c.i.embedder.EclipseLogger - skip non existing resourceDirectory C:\Users\SISPAMPATHY\Desktop\Question_01\Java_Qu01\src\test\resources
2023-09-08 13:22:44,706 [Worker-12: Building] INFO  o.e.m.c.i.embedder.EclipseLogger - Using 'UTF-8' encoding to copy filtered resources.
2023-09-08 13:22:44,707 [Worker-12: Building] INFO  o.e.m.c.i.embedder.EclipseLogger - skip non existing resourceDirectory C:\Users\SISPAMPATHY\Desktop\Question_01\Java_Qu01\src\main\resources
2023-09-08 13:22:44,713 [Worker-12: Building] INFO  o.e.m.c.i.embedder.EclipseLogger - Using 'UTF-8' encoding to copy filtered resources.
2023-09-08 13:22:44,714 [Worker-12: Building] INFO  o.e.m.c.i.embedder.EclipseLogger - skip non existing resourceDirectory C:\Users\SISPAMPATHY\Desktop\Question_01\Java_Qu01\src\test\resources
2023-09-08 13:37:21,646 [Worker-12: Building] INFO  o.e.m.c.i.embedder.EclipseLogger - Using 'UTF-8' encoding to copy filtered resources.
2023-09-08 13:37:21,647 [Worker-12: Building] INFO  o.e.m.c.i.embedder.EclipseLogger - skip non existing resourceDirectory C:\Users\SISPAMPATHY\Desktop\Question_01\Java_Qu01\src\main\resources
2023-09-08 13:37:21,650 [Worker-12: Building] INFO  o.e.m.c.i.embedder.EclipseLogger - Using 'UTF-8' encoding to copy filtered resources.
2023-09-08 13:37:21,650 [Worker-12: Building] INFO  o.e.m.c.i.embedder.EclipseLogger - skip non existing resourceDirectory C:\Users\SISPAMPATHY\Desktop\Question_01\Java_Qu01\src\test\resources
2023-09-08 13:37:37,710 [Worker-5: Launching ReadAndWriteData] INFO  o.e.m.c.i.embedder.EclipseLogger - Using 'UTF-8' encoding to copy filtered resources.
2023-09-08 13:37:37,712 [Worker-5: Launching ReadAndWriteData] INFO  o.e.m.c.i.embedder.EclipseLogger - skip non existing resourceDirectory C:\Users\SISPAMPATHY\Desktop\Question_01\Java_Qu01\src\main\resources
2023-09-08 13:37:37,715 [Worker-5: Launching ReadAndWriteData] INFO  o.e.m.c.i.embedder.EclipseLogger - Using 'UTF-8' encoding to copy filtered resources.
2023-09-08 13:37:37,715 [Worker-5: Launching ReadAndWriteData] INFO  o.e.m.c.i.embedder.EclipseLogger - skip non existing resourceDirectory C:\Users\SISPAMPATHY\Desktop\Question_01\Java_Qu01\src\test\resources
2023-09-08 13:41:43,027 [Worker-15: Launching ReadAndWriteData] INFO  o.e.m.c.i.embedder.EclipseLogger - Using 'UTF-8' encoding to copy filtered resources.
2023-09-08 13:41:43,027 [Worker-15: Launching ReadAndWriteData] INFO  o.e.m.c.i.embedder.EclipseLogger - skip non existing resourceDirectory C:\Users\SISPAMPATHY\Desktop\Question_01\Java_Qu01\src\main\resources
2023-09-08 13:41:43,029 [Worker-15: Launching ReadAndWriteData] INFO  o.e.m.c.i.embedder.EclipseLogger - Using 'UTF-8' encoding to copy filtered resources.
2023-09-08 13:41:43,029 [Worker-15: Launching ReadAndWriteData] INFO  o.e.m.c.i.embedder.EclipseLogger - skip non existing resourceDirectory C:\Users\SISPAMPATHY\Desktop\Question_01\Java_Qu01\src\test\resources
2023-09-08 13:42:16,147 [Worker-20: Building] INFO  o.e.m.c.i.embedder.EclipseLogger - Using 'UTF-8' encoding to copy filtered resources.
2023-09-08 13:42:16,148 [Worker-20: Building] INFO  o.e.m.c.i.embedder.EclipseLogger - skip non existing resourceDirectory C:\Users\SISPAMPATHY\Desktop\Question_01\Java_Qu01\src\main\resources
2023-09-08 13:42:16,151 [Worker-20: Building] INFO  o.e.m.c.i.embedder.EclipseLogger - Using 'UTF-8' encoding to copy filtered resources.
2023-09-08 13:42:16,152 [Worker-20: Building] INFO  o.e.m.c.i.embedder.EclipseLogger - skip non existing resourceDirectory C:\Users\SISPAMPATHY\Desktop\Question_01\Java_Qu01\src\test\resources
2023-09-08 13:42:27,725 [Worker-15: Building] INFO  o.e.m.c.i.embedder.EclipseLogger - Using 'UTF-8' encoding to copy filtered resources.
2023-09-08 13:42:27,726 [Worker-15: Building] INFO  o.e.m.c.i.embedder.EclipseLogger - skip non existing resourceDirectory C:\Users\SISPAMPATHY\Desktop\Question_01\Java_Qu01\src\main\resources
2023-09-08 13:42:27,728 [Worker-15: Building] INFO  o.e.m.c.i.embedder.EclipseLogger - Using 'UTF-8' encoding to copy filtered resources.
2023-09-08 13:42:27,729 [Worker-15: Building] INFO  o.e.m.c.i.embedder.EclipseLogger - skip non existing resourceDirectory C:\Users\SISPAMPATHY\Desktop\Question_01\Java_Qu01\src\test\resources
