2023-09-06 22:37:50,204 [Worker-1: Loading available Gradle versions] INFO  o.e.b.c.i.u.g.PublishedGradleVersions - Gradle version information cache is not available. Remote download required.
2023-09-06 23:08:18,349 [Worker-15: Launching mavenrun-a40fa3a4-8906-4c0d-9261-2249ed6d469c] INFO  o.eclipse.m2e.core.internal.Bundles - getClasspathEntries(Bundle=org.eclipse.m2e.maven.runtime_3.8.604.20221130-2149 [270])
2023-09-06 23:08:18,363 [Worker-15: Launching mavenrun-a40fa3a4-8906-4c0d-9261-2249ed6d469c] INFO  o.eclipse.m2e.core.internal.Bundles - 	Entry: C:\Intel\Eclipse Java 2022-12-R\Eclipse Java 2022-12-R\plugins\org.eclipse.m2e.maven.runtime_3.8.604.20221130-2149
2023-09-06 23:08:18,364 [Worker-15: Launching mavenrun-a40fa3a4-8906-4c0d-9261-2249ed6d469c] INFO  o.eclipse.m2e.core.internal.Bundles - 	Entry: C:\Intel\Eclipse Java 2022-12-R\Eclipse Java 2022-12-R\plugins\org.eclipse.m2e.maven.runtime_3.8.604.20221130-2149\jars\aether-connector-okhttp-0.17.8.jar
2023-09-06 23:08:18,365 [Worker-15: Launching mavenrun-a40fa3a4-8906-4c0d-9261-2249ed6d469c] INFO  o.eclipse.m2e.core.internal.Bundles - 	Entry: C:\Intel\Eclipse Java 2022-12-R\Eclipse Java 2022-12-R\plugins\org.eclipse.m2e.maven.runtime_3.8.604.20221130-2149\jars\commons-cli-1.4.jar
2023-09-06 23:08:18,366 [Worker-15: Launching mavenrun-a40fa3a4-8906-4c0d-9261-2249ed6d469c] INFO  o.eclipse.m2e.core.internal.Bundles - 	Entry: C:\Intel\Eclipse Java 2022-12-R\Eclipse Java 2022-12-R\plugins\org.eclipse.m2e.maven.runtime_3.8.604.20221130-2149\jars\commons-io-2.6.jar
2023-09-06 23:08:18,366 [Worker-15: Launching mavenrun-a40fa3a4-8906-4c0d-9261-2249ed6d469c] INFO  o.eclipse.m2e.core.internal.Bundles - 	Entry: C:\Intel\Eclipse Java 2022-12-R\Eclipse Java 2022-12-R\plugins\org.eclipse.m2e.maven.runtime_3.8.604.20221130-2149\jars\commons-lang3-3.8.1.jar
2023-09-06 23:08:18,366 [Worker-15: Launching mavenrun-a40fa3a4-8906-4c0d-9261-2249ed6d469c] INFO  o.eclipse.m2e.core.internal.Bundles - 	Entry: C:\Intel\Eclipse Java 2022-12-R\Eclipse Java 2022-12-R\plugins\org.eclipse.m2e.maven.runtime_3.8.604.20221130-2149\jars\guice-4.2.2-no_aop.jar
2023-09-06 23:08:18,367 [Worker-15: Launching mavenrun-a40fa3a4-8906-4c0d-9261-2249ed6d469c] INFO  o.eclipse.m2e.core.internal.Bundles - 	Entry: C:\Intel\Eclipse Java 2022-12-R\Eclipse Java 2022-12-R\plugins\org.eclipse.m2e.maven.runtime_3.8.604.20221130-2149\jars\jansi-2.4.0.jar
2023-09-06 23:08:18,367 [Worker-15: Launching mavenrun-a40fa3a4-8906-4c0d-9261-2249ed6d469c] INFO  o.eclipse.m2e.core.internal.Bundles - 	Entry: C:\Intel\Eclipse Java 2022-12-R\Eclipse Java 2022-12-R\plugins\org.eclipse.m2e.maven.runtime_3.8.604.20221130-2149\jars\maven-artifact-3.8.6.jar
2023-09-06 23:08:18,368 [Worker-15: Launching mavenrun-a40fa3a4-8906-4c0d-9261-2249ed6d469c] INFO  o.eclipse.m2e.core.internal.Bundles - 	Entry: C:\Intel\Eclipse Java 2022-12-R\Eclipse Java 2022-12-R\plugins\org.eclipse.m2e.maven.runtime_3.8.604.20221130-2149\jars\maven-builder-support-3.8.6.jar
2023-09-06 23:08:18,368 [Worker-15: Launching mavenrun-a40fa3a4-8906-4c0d-9261-2249ed6d469c] INFO  o.eclipse.m2e.core.internal.Bundles - 	Entry: C:\Intel\Eclipse Java 2022-12-R\Eclipse Java 2022-12-R\plugins\org.eclipse.m2e.maven.runtime_3.8.604.20221130-2149\jars\maven-compat-3.8.6.jar
2023-09-06 23:08:18,368 [Worker-15: Launching mavenrun-a40fa3a4-8906-4c0d-9261-2249ed6d469c] INFO  o.eclipse.m2e.core.internal.Bundles - 	Entry: C:\Intel\Eclipse Java 2022-12-R\Eclipse Java 2022-12-R\plugins\org.eclipse.m2e.maven.runtime_3.8.604.20221130-2149\jars\maven-core-3.8.6.jar
2023-09-06 23:08:18,369 [Worker-15: Launching mavenrun-a40fa3a4-8906-4c0d-9261-2249ed6d469c] INFO  o.eclipse.m2e.core.internal.Bundles - 	Entry: C:\Intel\Eclipse Java 2022-12-R\Eclipse Java 2022-12-R\plugins\org.eclipse.m2e.maven.runtime_3.8.604.20221130-2149\jars\maven-embedder-3.8.6.jar
2023-09-06 23:08:18,369 [Worker-15: Launching mavenrun-a40fa3a4-8906-4c0d-9261-2249ed6d469c] INFO  o.eclipse.m2e.core.internal.Bundles - 	Entry: C:\Intel\Eclipse Java 2022-12-R\Eclipse Java 2022-12-R\plugins\org.eclipse.m2e.maven.runtime_3.8.604.20221130-2149\jars\maven-model-3.8.6.jar
2023-09-06 23:08:18,369 [Worker-15: Launching mavenrun-a40fa3a4-8906-4c0d-9261-2249ed6d469c] INFO  o.eclipse.m2e.core.internal.Bundles - 	Entry: C:\Intel\Eclipse Java 2022-12-R\Eclipse Java 2022-12-R\plugins\org.eclipse.m2e.maven.runtime_3.8.604.20221130-2149\jars\maven-model-builder-3.8.6.jar
2023-09-06 23:08:18,370 [Worker-15: Launching mavenrun-a40fa3a4-8906-4c0d-9261-2249ed6d469c] INFO  o.eclipse.m2e.core.internal.Bundles - 	Entry: C:\Intel\Eclipse Java 2022-12-R\Eclipse Java 2022-12-R\plugins\org.eclipse.m2e.maven.runtime_3.8.604.20221130-2149\jars\maven-plugin-api-3.8.6.jar
2023-09-06 23:08:18,370 [Worker-15: Launching mavenrun-a40fa3a4-8906-4c0d-9261-2249ed6d469c] INFO  o.eclipse.m2e.core.internal.Bundles - 	Entry: C:\Intel\Eclipse Java 2022-12-R\Eclipse Java 2022-12-R\plugins\org.eclipse.m2e.maven.runtime_3.8.604.20221130-2149\jars\maven-repository-metadata-3.8.6.jar
2023-09-06 23:08:18,370 [Worker-15: Launching mavenrun-a40fa3a4-8906-4c0d-9261-2249ed6d469c] INFO  o.eclipse.m2e.core.internal.Bundles - 	Entry: C:\Intel\Eclipse Java 2022-12-R\Eclipse Java 2022-12-R\plugins\org.eclipse.m2e.maven.runtime_3.8.604.20221130-2149\jars\maven-resolver-api-1.6.3.jar
2023-09-06 23:08:18,371 [Worker-15: Launching mavenrun-a40fa3a4-8906-4c0d-9261-2249ed6d469c] INFO  o.eclipse.m2e.core.internal.Bundles - 	Entry: C:\Intel\Eclipse Java 2022-12-R\Eclipse Java 2022-12-R\plugins\org.eclipse.m2e.maven.runtime_3.8.604.20221130-2149\jars\maven-resolver-connector-basic-1.6.3.jar
2023-09-06 23:08:18,371 [Worker-15: Launching mavenrun-a40fa3a4-8906-4c0d-9261-2249ed6d469c] INFO  o.eclipse.m2e.core.internal.Bundles - 	Entry: C:\Intel\Eclipse Java 2022-12-R\Eclipse Java 2022-12-R\plugins\org.eclipse.m2e.maven.runtime_3.8.604.20221130-2149\jars\maven-resolver-impl-1.6.3.jar
2023-09-06 23:08:18,371 [Worker-15: Launching mavenrun-a40fa3a4-8906-4c0d-9261-2249ed6d469c] INFO  o.eclipse.m2e.core.internal.Bundles - 	Entry: C:\Intel\Eclipse Java 2022-12-R\Eclipse Java 2022-12-R\plugins\org.eclipse.m2e.maven.runtime_3.8.604.20221130-2149\jars\maven-resolver-provider-3.8.6.jar
2023-09-06 23:08:18,371 [Worker-15: Launching mavenrun-a40fa3a4-8906-4c0d-9261-2249ed6d469c] INFO  o.eclipse.m2e.core.internal.Bundles - 	Entry: C:\Intel\Eclipse Java 2022-12-R\Eclipse Java 2022-12-R\plugins\org.eclipse.m2e.maven.runtime_3.8.604.20221130-2149\jars\maven-resolver-spi-1.6.3.jar
2023-09-06 23:08:18,371 [Worker-15: Launching mavenrun-a40fa3a4-8906-4c0d-9261-2249ed6d469c] INFO  o.eclipse.m2e.core.internal.Bundles - 	Entry: C:\Intel\Eclipse Java 2022-12-R\Eclipse Java 2022-12-R\plugins\org.eclipse.m2e.maven.runtime_3.8.604.20221130-2149\jars\maven-resolver-transport-wagon-1.6.3.jar
2023-09-06 23:08:18,371 [Worker-15: Launching mavenrun-a40fa3a4-8906-4c0d-9261-2249ed6d469c] INFO  o.eclipse.m2e.core.internal.Bundles - 	Entry: C:\Intel\Eclipse Java 2022-12-R\Eclipse Java 2022-12-R\plugins\org.eclipse.m2e.maven.runtime_3.8.604.20221130-2149\jars\maven-resolver-util-1.6.3.jar
2023-09-06 23:08:18,372 [Worker-15: Launching mavenrun-a40fa3a4-8906-4c0d-9261-2249ed6d469c] INFO  o.eclipse.m2e.core.internal.Bundles - 	Entry: C:\Intel\Eclipse Java 2022-12-R\Eclipse Java 2022-12-R\plugins\org.eclipse.m2e.maven.runtime_3.8.604.20221130-2149\jars\maven-settings-3.8.6.jar
2023-09-06 23:08:18,372 [Worker-15: Launching mavenrun-a40fa3a4-8906-4c0d-9261-2249ed6d469c] INFO  o.eclipse.m2e.core.internal.Bundles - 	Entry: C:\Intel\Eclipse Java 2022-12-R\Eclipse Java 2022-12-R\plugins\org.eclipse.m2e.maven.runtime_3.8.604.20221130-2149\jars\maven-settings-builder-3.8.6.jar
2023-09-06 23:08:18,372 [Worker-15: Launching mavenrun-a40fa3a4-8906-4c0d-9261-2249ed6d469c] INFO  o.eclipse.m2e.core.internal.Bundles - 	Entry: C:\Intel\Eclipse Java 2022-12-R\Eclipse Java 2022-12-R\plugins\org.eclipse.m2e.maven.runtime_3.8.604.20221130-2149\jars\maven-shared-utils-3.3.4.jar
2023-09-06 23:08:18,372 [Worker-15: Launching mavenrun-a40fa3a4-8906-4c0d-9261-2249ed6d469c] INFO  o.eclipse.m2e.core.internal.Bundles - 	Entry: C:\Intel\Eclipse Java 2022-12-R\Eclipse Java 2022-12-R\plugins\org.eclipse.m2e.maven.runtime_3.8.604.20221130-2149\jars\okhttp-3.14.1.jar
2023-09-06 23:08:18,373 [Worker-15: Launching mavenrun-a40fa3a4-8906-4c0d-9261-2249ed6d469c] INFO  o.eclipse.m2e.core.internal.Bundles - 	Entry: C:\Intel\Eclipse Java 2022-12-R\Eclipse Java 2022-12-R\plugins\org.eclipse.m2e.maven.runtime_3.8.604.20221130-2149\jars\okio-1.17.3.jar
2023-09-06 23:08:18,373 [Worker-15: Launching mavenrun-a40fa3a4-8906-4c0d-9261-2249ed6d469c] INFO  o.eclipse.m2e.core.internal.Bundles - 	Entry: C:\Intel\Eclipse Java 2022-12-R\Eclipse Java 2022-12-R\plugins\org.eclipse.m2e.maven.runtime_3.8.604.20221130-2149\jars\org.eclipse.sisu.inject-0.3.5.jar
2023-09-06 23:08:18,373 [Worker-15: Launching mavenrun-a40fa3a4-8906-4c0d-9261-2249ed6d469c] INFO  o.eclipse.m2e.core.internal.Bundles - 	Entry: C:\Intel\Eclipse Java 2022-12-R\Eclipse Java 2022-12-R\plugins\org.eclipse.m2e.maven.runtime_3.8.604.20221130-2149\jars\org.eclipse.sisu.plexus-0.3.5.jar
2023-09-06 23:08:18,374 [Worker-15: Launching mavenrun-a40fa3a4-8906-4c0d-9261-2249ed6d469c] INFO  o.eclipse.m2e.core.internal.Bundles - 	Entry: C:\Intel\Eclipse Java 2022-12-R\Eclipse Java 2022-12-R\plugins\org.eclipse.m2e.maven.runtime_3.8.604.20221130-2149\jars\plexus-build-api-0.0.7.jar
2023-09-06 23:08:18,374 [Worker-15: Launching mavenrun-a40fa3a4-8906-4c0d-9261-2249ed6d469c] INFO  o.eclipse.m2e.core.internal.Bundles - 	Entry: C:\Intel\Eclipse Java 2022-12-R\Eclipse Java 2022-12-R\plugins\org.eclipse.m2e.maven.runtime_3.8.604.20221130-2149\jars\plexus-cipher-2.0.jar
2023-09-06 23:08:18,374 [Worker-15: Launching mavenrun-a40fa3a4-8906-4c0d-9261-2249ed6d469c] INFO  o.eclipse.m2e.core.internal.Bundles - 	Entry: C:\Intel\Eclipse Java 2022-12-R\Eclipse Java 2022-12-R\plugins\org.eclipse.m2e.maven.runtime_3.8.604.20221130-2149\jars\plexus-classworlds-2.6.0.jar
2023-09-06 23:08:18,375 [Worker-15: Launching mavenrun-a40fa3a4-8906-4c0d-9261-2249ed6d469c] INFO  o.eclipse.m2e.core.internal.Bundles - 	Entry: C:\Intel\Eclipse Java 2022-12-R\Eclipse Java 2022-12-R\plugins\org.eclipse.m2e.maven.runtime_3.8.604.20221130-2149\jars\plexus-component-annotations-2.1.0.jar
2023-09-06 23:08:18,375 [Worker-15: Launching mavenrun-a40fa3a4-8906-4c0d-9261-2249ed6d469c] INFO  o.eclipse.m2e.core.internal.Bundles - 	Entry: C:\Intel\Eclipse Java 2022-12-R\Eclipse Java 2022-12-R\plugins\org.eclipse.m2e.maven.runtime_3.8.604.20221130-2149\jars\plexus-interpolation-1.26.jar
2023-09-06 23:08:18,375 [Worker-15: Launching mavenrun-a40fa3a4-8906-4c0d-9261-2249ed6d469c] INFO  o.eclipse.m2e.core.internal.Bundles - 	Entry: C:\Intel\Eclipse Java 2022-12-R\Eclipse Java 2022-12-R\plugins\org.eclipse.m2e.maven.runtime_3.8.604.20221130-2149\jars\plexus-sec-dispatcher-2.0.jar
2023-09-06 23:08:18,375 [Worker-15: Launching mavenrun-a40fa3a4-8906-4c0d-9261-2249ed6d469c] INFO  o.eclipse.m2e.core.internal.Bundles - 	Entry: C:\Intel\Eclipse Java 2022-12-R\Eclipse Java 2022-12-R\plugins\org.eclipse.m2e.maven.runtime_3.8.604.20221130-2149\jars\plexus-utils-3.3.1.jar
2023-09-06 23:08:18,376 [Worker-15: Launching mavenrun-a40fa3a4-8906-4c0d-9261-2249ed6d469c] INFO  o.eclipse.m2e.core.internal.Bundles - 	Entry: C:\Intel\Eclipse Java 2022-12-R\Eclipse Java 2022-12-R\plugins\org.eclipse.m2e.maven.runtime_3.8.604.20221130-2149\jars\wagon-file-3.5.1.jar
2023-09-06 23:08:18,376 [Worker-15: Launching mavenrun-a40fa3a4-8906-4c0d-9261-2249ed6d469c] INFO  o.eclipse.m2e.core.internal.Bundles - 	Entry: C:\Intel\Eclipse Java 2022-12-R\Eclipse Java 2022-12-R\plugins\org.eclipse.m2e.maven.runtime_3.8.604.20221130-2149\jars\wagon-provider-api-3.5.1.jar
2023-09-06 23:08:18,378 [Worker-15: Launching mavenrun-a40fa3a4-8906-4c0d-9261-2249ed6d469c] INFO  o.eclipse.m2e.core.internal.Bundles - getClasspathEntries(Bundle=com.google.guava_30.1.0.v20221112-0806 [8])
2023-09-06 23:08:18,380 [Worker-15: Launching mavenrun-a40fa3a4-8906-4c0d-9261-2249ed6d469c] INFO  o.eclipse.m2e.core.internal.Bundles - 	Entry: C:\Intel\Eclipse Java 2022-12-R\Eclipse Java 2022-12-R\plugins\com.google.guava_30.1.0.v20221112-0806.jar
2023-09-06 23:08:18,381 [Worker-15: Launching mavenrun-a40fa3a4-8906-4c0d-9261-2249ed6d469c] INFO  o.eclipse.m2e.core.internal.Bundles - getClasspathEntries(Bundle=slf4j.api_1.7.36 [434])
2023-09-06 23:08:18,383 [Worker-15: Launching mavenrun-a40fa3a4-8906-4c0d-9261-2249ed6d469c] INFO  o.eclipse.m2e.core.internal.Bundles - 	Entry: C:\Intel\Eclipse Java 2022-12-R\Eclipse Java 2022-12-R\plugins\slf4j.api_1.7.36.jar
2023-09-06 23:08:18,383 [Worker-15: Launching mavenrun-a40fa3a4-8906-4c0d-9261-2249ed6d469c] INFO  o.eclipse.m2e.core.internal.Bundles - getClasspathEntries(Bundle=javax.inject_1.0.0.v20220405-0441 [18])
2023-09-06 23:08:18,389 [Worker-15: Launching mavenrun-a40fa3a4-8906-4c0d-9261-2249ed6d469c] INFO  o.eclipse.m2e.core.internal.Bundles - 	Entry: C:\Intel\Eclipse Java 2022-12-R\Eclipse Java 2022-12-R\plugins\javax.inject_1.0.0.v20220405-0441.jar
2023-09-06 23:08:18,389 [Worker-15: Launching mavenrun-a40fa3a4-8906-4c0d-9261-2249ed6d469c] INFO  o.eclipse.m2e.core.internal.Bundles - getClasspathEntries(Bundle=javax.annotation_1.3.5.v20221112-0806 [16])
2023-09-06 23:08:18,393 [Worker-15: Launching mavenrun-a40fa3a4-8906-4c0d-9261-2249ed6d469c] INFO  o.eclipse.m2e.core.internal.Bundles - 	Entry: C:\Intel\Eclipse Java 2022-12-R\Eclipse Java 2022-12-R\plugins\javax.annotation_1.3.5.v20221112-0806.jar
2023-09-06 23:08:18,398 [Worker-15: Launching mavenrun-a40fa3a4-8906-4c0d-9261-2249ed6d469c] INFO  o.e.m.i.launch.MavenLaunchDelegate - Run build in "C:\Users\SISPAM~1\AppData\Local\Temp\m2e-archetypeGenerator16161258408701221759":
2023-09-06 23:08:18,408 [Worker-15: Launching mavenrun-a40fa3a4-8906-4c0d-9261-2249ed6d469c] INFO  o.e.m.i.launch.MavenLaunchDelegate -  mvn  -DarchetypeGroupId=org.apache.maven.archetypes -DarchetypeArtifactId=maven-archetype-quickstart -DarchetypeVersion=1.1 -DgroupId=AutomationAnywhereTestQu05 -DartifactId=AutomationAnywhereTestQu05 -Dversion=0.0.1-SNAPSHOT -Dpackage=AutomationAnywhereTestQu05.AutomationAnywhereTestQu05 -DoutputDirectory=C:\Users\SISPAMPATHY\Desktop\Question_05 -Dstyle.color=always -U archetype:generate
2023-09-06 23:08:36,829 [Worker-17: Creating maven-archetype-quickstart] INFO  o.e.m.c.i.p.ProjectConfigurationManager - Collecting project info '/pom.xml' C:\Users\SISPAMPATHY\Desktop\Question_05\AutomationAnywhereTestQu05\pom.xml
2023-09-06 23:08:38,093 [Worker-17: Creating maven-archetype-quickstart] INFO  o.e.m.c.i.l.LifecycleMappingFactory - Using org.eclipse.m2e.jdt.JarLifecycleMapping lifecycle mapping for MavenProject: AutomationAnywhereTestQu05:AutomationAnywhereTestQu05:0.0.1-SNAPSHOT @ C:\Users\SISPAMPATHY\Desktop\Question_05\AutomationAnywhereTestQu05\pom.xml.
2023-09-06 23:08:38,628 [Worker-17: Creating maven-archetype-quickstart] INFO  o.e.m.j.i.AbstractJavaProjectConfigurator - Adding source folder /AutomationAnywhereTestQu05/src/main/java
2023-09-06 23:08:38,641 [Worker-17: Creating maven-archetype-quickstart] INFO  o.e.m.j.i.AbstractJavaProjectConfigurator - Adding source folder /AutomationAnywhereTestQu05/src/test/java
2023-09-06 23:08:38,770 [Worker-17: Creating maven-archetype-quickstart] INFO  o.e.m.c.i.p.ProjectConfigurationManager - Imported and configured 1 project(s) in 1 sec
2023-09-06 23:08:39,143 [Worker-15: Building] INFO  o.e.m.c.i.embedder.EclipseLogger - Using 'UTF-8' encoding to copy filtered resources.
2023-09-06 23:08:39,144 [Worker-15: Building] INFO  o.e.m.c.i.embedder.EclipseLogger - skip non existing resourceDirectory C:\Users\SISPAMPATHY\Desktop\Question_05\AutomationAnywhereTestQu05\src\main\resources
2023-09-06 23:08:39,151 [Worker-15: Building] INFO  o.e.m.c.i.embedder.EclipseLogger - Using 'UTF-8' encoding to copy filtered resources.
2023-09-06 23:08:39,153 [Worker-15: Building] INFO  o.e.m.c.i.embedder.EclipseLogger - skip non existing resourceDirectory C:\Users\SISPAMPATHY\Desktop\Question_05\AutomationAnywhereTestQu05\src\test\resources
2023-09-06 23:13:47,844 [Worker-25: Building] INFO  o.e.m.c.i.l.LifecycleMappingFactory - Using org.eclipse.m2e.jdt.JarLifecycleMapping lifecycle mapping for MavenProject: AutomationAnywhereTestQu05:AutomationAnywhereTestQu05:0.0.1-SNAPSHOT @ C:\Users\SISPAMPATHY\Desktop\Question_05\AutomationAnywhereTestQu05\pom.xml.
2023-09-06 23:13:48,683 [Worker-25: Building] INFO  o.e.m.c.i.embedder.EclipseLogger - Using 'UTF-8' encoding to copy filtered resources.
2023-09-06 23:13:48,685 [Worker-25: Building] INFO  o.e.m.c.i.embedder.EclipseLogger - skip non existing resourceDirectory C:\Users\SISPAMPATHY\Desktop\Question_05\AutomationAnywhereTestQu05\src\main\resources
2023-09-06 23:13:48,689 [Worker-25: Building] INFO  o.e.m.c.i.embedder.EclipseLogger - Using 'UTF-8' encoding to copy filtered resources.
2023-09-06 23:13:48,690 [Worker-25: Building] INFO  o.e.m.c.i.embedder.EclipseLogger - skip non existing resourceDirectory C:\Users\SISPAMPATHY\Desktop\Question_05\AutomationAnywhereTestQu05\src\test\resources
2023-09-06 23:13:50,421 [Worker-23: Building] INFO  o.e.m.c.i.embedder.EclipseLogger - Using 'UTF-8' encoding to copy filtered resources.
2023-09-06 23:13:50,421 [Worker-23: Building] INFO  o.e.m.c.i.embedder.EclipseLogger - skip non existing resourceDirectory C:\Users\SISPAMPATHY\Desktop\Question_05\AutomationAnywhereTestQu05\src\main\resources
2023-09-06 23:13:50,422 [Worker-23: Building] INFO  o.e.m.c.i.embedder.EclipseLogger - Using 'UTF-8' encoding to copy filtered resources.
2023-09-06 23:13:50,422 [Worker-23: Building] INFO  o.e.m.c.i.embedder.EclipseLogger - skip non existing resourceDirectory C:\Users\SISPAMPATHY\Desktop\Question_05\AutomationAnywhereTestQu05\src\test\resources
2023-09-07 09:44:34,533 [Worker-4: Loading available Gradle versions] INFO  o.e.b.c.i.u.g.PublishedGradleVersions - Gradle version information cache is not available. Remote download required.
2023-09-07 10:46:52,225 [Worker-10: Building] INFO  o.e.m.c.i.embedder.EclipseLogger - Using 'UTF-8' encoding to copy filtered resources.
2023-09-07 10:46:52,228 [Worker-10: Building] INFO  o.e.m.c.i.embedder.EclipseLogger - skip non existing resourceDirectory C:\Users\SISPAMPATHY\Desktop\Question_05\AutomationAnywhereTestQu05\src\main\resources
2023-09-07 10:46:52,233 [Worker-10: Building] INFO  o.e.m.c.i.embedder.EclipseLogger - Using 'UTF-8' encoding to copy filtered resources.
2023-09-07 10:46:52,234 [Worker-10: Building] INFO  o.e.m.c.i.embedder.EclipseLogger - skip non existing resourceDirectory C:\Users\SISPAMPATHY\Desktop\Question_05\AutomationAnywhereTestQu05\src\test\resources
2023-09-07 10:54:21,488 [Worker-10: Building] INFO  o.e.m.c.i.embedder.EclipseLogger - Using 'UTF-8' encoding to copy filtered resources.
2023-09-07 10:54:21,489 [Worker-10: Building] INFO  o.e.m.c.i.embedder.EclipseLogger - skip non existing resourceDirectory C:\Users\SISPAMPATHY\Desktop\Question_05\AutomationAnywhereTestQu05\src\main\resources
2023-09-07 10:54:21,492 [Worker-10: Building] INFO  o.e.m.c.i.embedder.EclipseLogger - Using 'UTF-8' encoding to copy filtered resources.
2023-09-07 10:54:21,493 [Worker-10: Building] INFO  o.e.m.c.i.embedder.EclipseLogger - skip non existing resourceDirectory C:\Users\SISPAMPATHY\Desktop\Question_05\AutomationAnywhereTestQu05\src\test\resources
2023-09-07 10:54:58,502 [Worker-10: Building] INFO  o.e.m.c.i.embedder.EclipseLogger - Using 'UTF-8' encoding to copy filtered resources.
2023-09-07 10:54:58,503 [Worker-10: Building] INFO  o.e.m.c.i.embedder.EclipseLogger - skip non existing resourceDirectory C:\Users\SISPAMPATHY\Desktop\Question_05\AutomationAnywhereTestQu05\src\main\resources
2023-09-07 10:54:58,509 [Worker-10: Building] INFO  o.e.m.c.i.embedder.EclipseLogger - Using 'UTF-8' encoding to copy filtered resources.
2023-09-07 10:54:58,509 [Worker-10: Building] INFO  o.e.m.c.i.embedder.EclipseLogger - skip non existing resourceDirectory C:\Users\SISPAMPATHY\Desktop\Question_05\AutomationAnywhereTestQu05\src\test\resources
2023-09-07 11:09:34,323 [Worker-19: Building] INFO  o.e.m.c.i.l.LifecycleMappingFactory - Using org.eclipse.m2e.jdt.JarLifecycleMapping lifecycle mapping for MavenProject: AutomationAnywhereTestQu05:AutomationAnywhereTestQu05:0.0.1-SNAPSHOT @ C:\Users\SISPAMPATHY\Desktop\Question_05\AutomationAnywhereTestQu05\pom.xml.
2023-09-07 11:09:35,388 [Worker-19: Building] INFO  o.e.m.c.i.embedder.EclipseLogger - Using 'UTF-8' encoding to copy filtered resources.
2023-09-07 11:09:35,389 [Worker-19: Building] INFO  o.e.m.c.i.embedder.EclipseLogger - skip non existing resourceDirectory C:\Users\SISPAMPATHY\Desktop\Question_05\AutomationAnywhereTestQu05\src\main\resources
2023-09-07 11:09:35,393 [Worker-19: Building] INFO  o.e.m.c.i.embedder.EclipseLogger - Using 'UTF-8' encoding to copy filtered resources.
2023-09-07 11:09:35,393 [Worker-19: Building] INFO  o.e.m.c.i.embedder.EclipseLogger - skip non existing resourceDirectory C:\Users\SISPAMPATHY\Desktop\Question_05\AutomationAnywhereTestQu05\src\test\resources
2023-09-07 11:09:36,549 [Worker-18: Download sources and javadoc] INFO  o.e.m.c.i.e.AbstractTransferListenerAdapter - Downloaded http://azuvtafflex01:8383/repository/accello/org/apache/poi/poi/5.2.3/poi-5.2.3-sources.jar
2023-09-07 11:09:37,028 [Worker-20: Building] INFO  o.e.m.c.i.embedder.EclipseLogger - Using 'UTF-8' encoding to copy filtered resources.
2023-09-07 11:09:37,028 [Worker-20: Building] INFO  o.e.m.c.i.embedder.EclipseLogger - skip non existing resourceDirectory C:\Users\SISPAMPATHY\Desktop\Question_05\AutomationAnywhereTestQu05\src\main\resources
2023-09-07 11:09:37,032 [Worker-20: Building] INFO  o.e.m.c.i.embedder.EclipseLogger - Using 'UTF-8' encoding to copy filtered resources.
2023-09-07 11:09:37,033 [Worker-20: Building] INFO  o.e.m.c.i.embedder.EclipseLogger - skip non existing resourceDirectory C:\Users\SISPAMPATHY\Desktop\Question_05\AutomationAnywhereTestQu05\src\test\resources
2023-09-07 11:09:37,251 [Worker-18: Download sources and javadoc] INFO  o.e.m.c.i.e.AbstractTransferListenerAdapter - Downloading https://repo.maven.apache.org/maven2/org/apache/poi/poi/5.2.3/poi-5.2.3-sources.jar
2023-09-07 11:09:38,482 [Worker-18: Download sources and javadoc] INFO  o.e.m.c.i.e.AbstractTransferListenerAdapter - Downloaded https://repo.maven.apache.org/maven2/org/apache/poi/poi/5.2.3/poi-5.2.3-sources.jar
2023-09-07 11:09:38,489 [Worker-18: Download sources and javadoc] INFO  o.e.m.j.internal.DownloadSourcesJob - Downloaded sources for org.apache.poi:poi:5.2.3
2023-09-07 11:09:38,691 [Worker-18: Download sources and javadoc] INFO  o.e.m.c.i.e.AbstractTransferListenerAdapter - Downloaded http://azuvtafflex01:8383/repository/accello/commons-io/commons-io/2.11.0/commons-io-2.11.0-sources.jar
2023-09-07 11:09:39,224 [Worker-18: Download sources and javadoc] INFO  o.e.m.c.i.e.AbstractTransferListenerAdapter - Downloading https://repo.maven.apache.org/maven2/commons-io/commons-io/2.11.0/commons-io-2.11.0-sources.jar
2023-09-07 11:09:39,939 [Worker-18: Download sources and javadoc] INFO  o.e.m.c.i.e.AbstractTransferListenerAdapter - Downloaded https://repo.maven.apache.org/maven2/commons-io/commons-io/2.11.0/commons-io-2.11.0-sources.jar
2023-09-07 11:09:39,943 [Worker-18: Download sources and javadoc] INFO  o.e.m.j.internal.DownloadSourcesJob - Downloaded sources for commons-io:commons-io:2.11.0
2023-09-07 11:09:40,155 [Worker-18: Download sources and javadoc] INFO  o.e.m.c.i.e.AbstractTransferListenerAdapter - Downloaded http://azuvtafflex01:8383/repository/accello/org/apache/logging/log4j/log4j-api/2.18.0/log4j-api-2.18.0-sources.jar
2023-09-07 11:09:40,602 [Worker-18: Download sources and javadoc] INFO  o.e.m.c.i.e.AbstractTransferListenerAdapter - Downloading https://repo.maven.apache.org/maven2/org/apache/logging/log4j/log4j-api/2.18.0/log4j-api-2.18.0-sources.jar
2023-09-07 11:09:41,109 [Worker-18: Download sources and javadoc] INFO  o.e.m.c.i.e.AbstractTransferListenerAdapter - Downloaded https://repo.maven.apache.org/maven2/org/apache/logging/log4j/log4j-api/2.18.0/log4j-api-2.18.0-sources.jar
2023-09-07 11:09:41,115 [Worker-18: Download sources and javadoc] INFO  o.e.m.j.internal.DownloadSourcesJob - Downloaded sources for org.apache.logging.log4j:log4j-api:2.18.0
2023-09-07 11:09:41,384 [Worker-13: Building] INFO  o.e.m.c.i.embedder.EclipseLogger - Using 'UTF-8' encoding to copy filtered resources.
2023-09-07 11:09:41,384 [Worker-13: Building] INFO  o.e.m.c.i.embedder.EclipseLogger - skip non existing resourceDirectory C:\Users\SISPAMPATHY\Desktop\Question_05\AutomationAnywhereTestQu05\src\main\resources
2023-09-07 11:09:41,387 [Worker-13: Building] INFO  o.e.m.c.i.embedder.EclipseLogger - Using 'UTF-8' encoding to copy filtered resources.
2023-09-07 11:09:41,387 [Worker-13: Building] INFO  o.e.m.c.i.embedder.EclipseLogger - skip non existing resourceDirectory C:\Users\SISPAMPATHY\Desktop\Question_05\AutomationAnywhereTestQu05\src\test\resources
2023-09-07 11:10:39,334 [Worker-21: Building] INFO  o.e.m.c.i.embedder.EclipseLogger - Using 'UTF-8' encoding to copy filtered resources.
2023-09-07 11:10:39,335 [Worker-21: Building] INFO  o.e.m.c.i.embedder.EclipseLogger - skip non existing resourceDirectory C:\Users\SISPAMPATHY\Desktop\Question_05\AutomationAnywhereTestQu05\src\main\resources
2023-09-07 11:10:39,336 [Worker-21: Building] INFO  o.e.m.c.i.embedder.EclipseLogger - Using 'UTF-8' encoding to copy filtered resources.
2023-09-07 11:10:39,336 [Worker-21: Building] INFO  o.e.m.c.i.embedder.EclipseLogger - skip non existing resourceDirectory C:\Users\SISPAMPATHY\Desktop\Question_05\AutomationAnywhereTestQu05\src\test\resources
2023-09-07 11:10:47,672 [Worker-20: Building] INFO  o.e.m.c.i.embedder.EclipseLogger - Using 'UTF-8' encoding to copy filtered resources.
2023-09-07 11:10:47,673 [Worker-20: Building] INFO  o.e.m.c.i.embedder.EclipseLogger - skip non existing resourceDirectory C:\Users\SISPAMPATHY\Desktop\Question_05\AutomationAnywhereTestQu05\src\main\resources
2023-09-07 11:10:47,676 [Worker-20: Building] INFO  o.e.m.c.i.embedder.EclipseLogger - Using 'UTF-8' encoding to copy filtered resources.
2023-09-07 11:10:47,676 [Worker-20: Building] INFO  o.e.m.c.i.embedder.EclipseLogger - skip non existing resourceDirectory C:\Users\SISPAMPATHY\Desktop\Question_05\AutomationAnywhereTestQu05\src\test\resources
2023-09-07 11:33:28,127 [Worker-28: Building] INFO  o.e.m.c.i.embedder.EclipseLogger - Using 'UTF-8' encoding to copy filtered resources.
2023-09-07 11:33:28,129 [Worker-28: Building] INFO  o.e.m.c.i.embedder.EclipseLogger - skip non existing resourceDirectory C:\Users\SISPAMPATHY\Desktop\Question_05\AutomationAnywhereTestQu05\src\main\resources
2023-09-07 11:33:28,134 [Worker-28: Building] INFO  o.e.m.c.i.embedder.EclipseLogger - Using 'UTF-8' encoding to copy filtered resources.
2023-09-07 11:33:28,134 [Worker-28: Building] INFO  o.e.m.c.i.embedder.EclipseLogger - skip non existing resourceDirectory C:\Users\SISPAMPATHY\Desktop\Question_05\AutomationAnywhereTestQu05\src\test\resources
2023-09-07 11:37:03,136 [Worker-25: Launching AutomationAnywhere_Test_03] INFO  o.e.m.c.i.embedder.EclipseLogger - Using 'UTF-8' encoding to copy filtered resources.
2023-09-07 11:37:03,137 [Worker-25: Launching AutomationAnywhere_Test_03] INFO  o.e.m.c.i.embedder.EclipseLogger - skip non existing resourceDirectory C:\Users\SISPAMPATHY\Desktop\Question_05\AutomationAnywhereTestQu05\src\main\resources
2023-09-07 11:37:03,140 [Worker-25: Launching AutomationAnywhere_Test_03] INFO  o.e.m.c.i.embedder.EclipseLogger - Using 'UTF-8' encoding to copy filtered resources.
2023-09-07 11:37:03,140 [Worker-25: Launching AutomationAnywhere_Test_03] INFO  o.e.m.c.i.embedder.EclipseLogger - skip non existing resourceDirectory C:\Users\SISPAMPATHY\Desktop\Question_05\AutomationAnywhereTestQu05\src\test\resources
2023-09-07 13:01:32,006 [Worker-36: Building] INFO  o.e.m.c.i.embedder.EclipseLogger - Using 'UTF-8' encoding to copy filtered resources.
2023-09-07 13:01:32,012 [Worker-36: Building] INFO  o.e.m.c.i.embedder.EclipseLogger - skip non existing resourceDirectory C:\Users\SISPAMPATHY\Desktop\Question_05\AutomationAnywhereTestQu05\src\main\resources
2023-09-07 13:01:32,014 [Worker-36: Building] INFO  o.e.m.c.i.embedder.EclipseLogger - Using 'UTF-8' encoding to copy filtered resources.
2023-09-07 13:01:32,014 [Worker-36: Building] INFO  o.e.m.c.i.embedder.EclipseLogger - skip non existing resourceDirectory C:\Users\SISPAMPATHY\Desktop\Question_05\AutomationAnywhereTestQu05\src\test\resources
2023-09-07 13:02:24,324 [Worker-36: Launching AutomationAnywhereTestQu05_testng.xml] INFO  o.e.m.c.i.embedder.EclipseLogger - Using 'UTF-8' encoding to copy filtered resources.
2023-09-07 13:02:24,324 [Worker-36: Launching AutomationAnywhereTestQu05_testng.xml] INFO  o.e.m.c.i.embedder.EclipseLogger - skip non existing resourceDirectory C:\Users\SISPAMPATHY\Desktop\Question_05\AutomationAnywhereTestQu05\src\main\resources
2023-09-07 13:02:24,327 [Worker-36: Launching AutomationAnywhereTestQu05_testng.xml] INFO  o.e.m.c.i.embedder.EclipseLogger - Using 'UTF-8' encoding to copy filtered resources.
2023-09-07 13:02:24,327 [Worker-36: Launching AutomationAnywhereTestQu05_testng.xml] INFO  o.e.m.c.i.embedder.EclipseLogger - skip non existing resourceDirectory C:\Users\SISPAMPATHY\Desktop\Question_05\AutomationAnywhereTestQu05\src\test\resources
2023-09-07 13:08:04,293 [Worker-36: Building] INFO  o.e.m.c.i.l.LifecycleMappingFactory - Using org.eclipse.m2e.jdt.JarLifecycleMapping lifecycle mapping for MavenProject: AutomationAnywhereTestQu05:AutomationAnywhereTestQu05:0.0.1-SNAPSHOT @ C:\Users\SISPAMPATHY\Desktop\Question_05\AutomationAnywhereTestQu05\pom.xml.
2023-09-07 13:08:05,358 [Worker-36: Building] INFO  o.e.m.c.i.embedder.EclipseLogger - Using 'UTF-8' encoding to copy filtered resources.
2023-09-07 13:08:05,359 [Worker-36: Building] INFO  o.e.m.c.i.embedder.EclipseLogger - skip non existing resourceDirectory C:\Users\SISPAMPATHY\Desktop\Question_05\AutomationAnywhereTestQu05\src\main\resources
2023-09-07 13:08:05,363 [Worker-36: Building] INFO  o.e.m.c.i.embedder.EclipseLogger - Using 'UTF-8' encoding to copy filtered resources.
2023-09-07 13:08:05,363 [Worker-36: Building] INFO  o.e.m.c.i.embedder.EclipseLogger - skip non existing resourceDirectory C:\Users\SISPAMPATHY\Desktop\Question_05\AutomationAnywhereTestQu05\src\test\resources
2023-09-07 13:08:06,347 [Worker-54: Download sources and javadoc] INFO  o.e.m.c.i.e.AbstractTransferListenerAdapter - Downloaded http://azuvtafflex01:8383/repository/accello/org/testng/testng/7.8.0/testng-7.8.0-sources.jar
2023-09-07 13:08:06,701 [Worker-53: Building] INFO  o.e.m.c.i.embedder.EclipseLogger - Using 'UTF-8' encoding to copy filtered resources.
2023-09-07 13:08:06,701 [Worker-53: Building] INFO  o.e.m.c.i.embedder.EclipseLogger - skip non existing resourceDirectory C:\Users\SISPAMPATHY\Desktop\Question_05\AutomationAnywhereTestQu05\src\main\resources
2023-09-07 13:08:06,702 [Worker-53: Building] INFO  o.e.m.c.i.embedder.EclipseLogger - Using 'UTF-8' encoding to copy filtered resources.
2023-09-07 13:08:06,702 [Worker-53: Building] INFO  o.e.m.c.i.embedder.EclipseLogger - skip non existing resourceDirectory C:\Users\SISPAMPATHY\Desktop\Question_05\AutomationAnywhereTestQu05\src\test\resources
2023-09-07 13:08:07,249 [Worker-54: Download sources and javadoc] INFO  o.e.m.c.i.e.AbstractTransferListenerAdapter - Downloading https://repo.maven.apache.org/maven2/org/testng/testng/7.8.0/testng-7.8.0-sources.jar
2023-09-07 13:08:07,799 [Worker-54: Download sources and javadoc] INFO  o.e.m.c.i.e.AbstractTransferListenerAdapter - Downloaded https://repo.maven.apache.org/maven2/org/testng/testng/7.8.0/testng-7.8.0-sources.jar
2023-09-07 13:08:07,804 [Worker-54: Download sources and javadoc] INFO  o.e.m.j.internal.DownloadSourcesJob - Downloaded sources for org.testng:testng:7.8.0
2023-09-07 13:08:08,043 [Worker-54: Download sources and javadoc] INFO  o.e.m.c.i.e.AbstractTransferListenerAdapter - Downloaded http://azuvtafflex01:8383/repository/accello/org/webjars/jquery/3.6.1/jquery-3.6.1-sources.jar
2023-09-07 13:08:08,754 [Worker-54: Download sources and javadoc] INFO  o.e.m.c.i.e.AbstractTransferListenerAdapter - Downloading https://repo.maven.apache.org/maven2/org/webjars/jquery/3.6.1/jquery-3.6.1-sources.jar
2023-09-07 13:08:08,855 [Worker-54: Download sources and javadoc] INFO  o.e.m.c.i.e.AbstractTransferListenerAdapter - Downloaded https://repo.maven.apache.org/maven2/org/webjars/jquery/3.6.1/jquery-3.6.1-sources.jar
2023-09-07 13:08:08,859 [Worker-54: Download sources and javadoc] INFO  o.e.m.j.internal.DownloadSourcesJob - Downloaded sources for org.webjars:jquery:3.6.1
2023-09-07 13:08:09,097 [Worker-51: Building] INFO  o.e.m.c.i.embedder.EclipseLogger - Using 'UTF-8' encoding to copy filtered resources.
2023-09-07 13:08:09,097 [Worker-51: Building] INFO  o.e.m.c.i.embedder.EclipseLogger - skip non existing resourceDirectory C:\Users\SISPAMPATHY\Desktop\Question_05\AutomationAnywhereTestQu05\src\main\resources
2023-09-07 13:08:09,098 [Worker-51: Building] INFO  o.e.m.c.i.embedder.EclipseLogger - Using 'UTF-8' encoding to copy filtered resources.
2023-09-07 13:08:09,099 [Worker-51: Building] INFO  o.e.m.c.i.embedder.EclipseLogger - skip non existing resourceDirectory C:\Users\SISPAMPATHY\Desktop\Question_05\AutomationAnywhereTestQu05\src\test\resources
2023-09-07 13:08:26,616 [Worker-1: Loading available Gradle versions] INFO  o.e.b.c.i.u.g.PublishedGradleVersions - Gradle version information cache is not available. Remote download required.
2023-09-07 13:11:31,156 [Worker-14: Building] INFO  o.e.m.c.i.l.LifecycleMappingFactory - Using org.eclipse.m2e.jdt.JarLifecycleMapping lifecycle mapping for MavenProject: AutomationAnywhereTestQu05:AutomationAnywhereTestQu05:0.0.1-SNAPSHOT @ C:\Users\SISPAMPATHY\Desktop\Question_05\AutomationAnywhereTestQu05\pom.xml.
2023-09-07 13:11:31,828 [Worker-14: Building] INFO  o.e.m.c.i.embedder.EclipseLogger - Using 'UTF-8' encoding to copy filtered resources.
2023-09-07 13:11:31,829 [Worker-14: Building] INFO  o.e.m.c.i.embedder.EclipseLogger - skip non existing resourceDirectory C:\Users\SISPAMPATHY\Desktop\Question_05\AutomationAnywhereTestQu05\src\main\resources
2023-09-07 13:11:31,832 [Worker-14: Building] INFO  o.e.m.c.i.embedder.EclipseLogger - Using 'UTF-8' encoding to copy filtered resources.
2023-09-07 13:11:31,832 [Worker-14: Building] INFO  o.e.m.c.i.embedder.EclipseLogger - skip non existing resourceDirectory C:\Users\SISPAMPATHY\Desktop\Question_05\AutomationAnywhereTestQu05\src\test\resources
2023-09-07 13:11:33,633 [Worker-15: Building] INFO  o.e.m.c.i.embedder.EclipseLogger - Using 'UTF-8' encoding to copy filtered resources.
2023-09-07 13:11:33,633 [Worker-15: Building] INFO  o.e.m.c.i.embedder.EclipseLogger - skip non existing resourceDirectory C:\Users\SISPAMPATHY\Desktop\Question_05\AutomationAnywhereTestQu05\src\main\resources
2023-09-07 13:11:33,636 [Worker-15: Building] INFO  o.e.m.c.i.embedder.EclipseLogger - Using 'UTF-8' encoding to copy filtered resources.
2023-09-07 13:11:33,636 [Worker-15: Building] INFO  o.e.m.c.i.embedder.EclipseLogger - skip non existing resourceDirectory C:\Users\SISPAMPATHY\Desktop\Question_05\AutomationAnywhereTestQu05\src\test\resources
2023-09-07 13:13:13,660 [Worker-19: Building] INFO  o.e.m.c.i.l.LifecycleMappingFactory - Using org.eclipse.m2e.jdt.JarLifecycleMapping lifecycle mapping for MavenProject: AutomationAnywhereTestQu05:AutomationAnywhereTestQu05:0.0.1-SNAPSHOT @ C:\Users\SISPAMPATHY\Desktop\Question_05\AutomationAnywhereTestQu05\pom.xml.
2023-09-07 13:13:14,287 [Worker-19: Building] INFO  o.e.m.c.i.embedder.EclipseLogger - Using 'UTF-8' encoding to copy filtered resources.
2023-09-07 13:13:14,288 [Worker-19: Building] INFO  o.e.m.c.i.embedder.EclipseLogger - skip non existing resourceDirectory C:\Users\SISPAMPATHY\Desktop\Question_05\AutomationAnywhereTestQu05\src\main\resources
2023-09-07 13:13:14,290 [Worker-19: Building] INFO  o.e.m.c.i.embedder.EclipseLogger - Using 'UTF-8' encoding to copy filtered resources.
2023-09-07 13:13:14,290 [Worker-19: Building] INFO  o.e.m.c.i.embedder.EclipseLogger - skip non existing resourceDirectory C:\Users\SISPAMPATHY\Desktop\Question_05\AutomationAnywhereTestQu05\src\test\resources
2023-09-07 13:13:15,392 [Worker-20: Download sources and javadoc] INFO  o.e.m.c.i.e.AbstractTransferListenerAdapter - Downloaded http://azuvtafflex01:8383/repository/accello/org/testng/testng/7.5.1/testng-7.5.1-sources.jar
2023-09-07 13:13:15,899 [Worker-19: Building] INFO  o.e.m.c.i.embedder.EclipseLogger - Using 'UTF-8' encoding to copy filtered resources.
2023-09-07 13:13:15,899 [Worker-19: Building] INFO  o.e.m.c.i.embedder.EclipseLogger - skip non existing resourceDirectory C:\Users\SISPAMPATHY\Desktop\Question_05\AutomationAnywhereTestQu05\src\main\resources
2023-09-07 13:13:15,900 [Worker-19: Building] INFO  o.e.m.c.i.embedder.EclipseLogger - Using 'UTF-8' encoding to copy filtered resources.
2023-09-07 13:13:15,901 [Worker-19: Building] INFO  o.e.m.c.i.embedder.EclipseLogger - skip non existing resourceDirectory C:\Users\SISPAMPATHY\Desktop\Question_05\AutomationAnywhereTestQu05\src\test\resources
2023-09-07 13:13:16,520 [Worker-20: Download sources and javadoc] INFO  o.e.m.c.i.e.AbstractTransferListenerAdapter - Downloading https://repo.maven.apache.org/maven2/org/testng/testng/7.5.1/testng-7.5.1-sources.jar
2023-09-07 13:13:17,100 [Worker-20: Download sources and javadoc] INFO  o.e.m.c.i.e.AbstractTransferListenerAdapter - Downloaded https://repo.maven.apache.org/maven2/org/testng/testng/7.5.1/testng-7.5.1-sources.jar
2023-09-07 13:13:17,110 [Worker-20: Download sources and javadoc] INFO  o.e.m.j.internal.DownloadSourcesJob - Downloaded sources for org.testng:testng:7.5.1
2023-09-07 13:13:17,356 [Worker-20: Download sources and javadoc] INFO  o.e.m.c.i.e.AbstractTransferListenerAdapter - Downloaded http://azuvtafflex01:8383/repository/accello/com/google/code/findbugs/jsr305/3.0.1/jsr305-3.0.1-sources.jar
2023-09-07 13:13:17,799 [Worker-20: Download sources and javadoc] INFO  o.e.m.c.i.e.AbstractTransferListenerAdapter - Downloading https://repo.maven.apache.org/maven2/com/google/code/findbugs/jsr305/3.0.1/jsr305-3.0.1-sources.jar
2023-09-07 13:13:18,080 [Worker-20: Download sources and javadoc] INFO  o.e.m.c.i.e.AbstractTransferListenerAdapter - Downloaded https://repo.maven.apache.org/maven2/com/google/code/findbugs/jsr305/3.0.1/jsr305-3.0.1-sources.jar
2023-09-07 13:13:18,085 [Worker-20: Download sources and javadoc] INFO  o.e.m.j.internal.DownloadSourcesJob - Downloaded sources for com.google.code.findbugs:jsr305:3.0.1
2023-09-07 13:13:18,388 [Worker-20: Building] INFO  o.e.m.c.i.embedder.EclipseLogger - Using 'UTF-8' encoding to copy filtered resources.
2023-09-07 13:13:18,389 [Worker-20: Building] INFO  o.e.m.c.i.embedder.EclipseLogger - skip non existing resourceDirectory C:\Users\SISPAMPATHY\Desktop\Question_05\AutomationAnywhereTestQu05\src\main\resources
2023-09-07 13:13:18,390 [Worker-20: Building] INFO  o.e.m.c.i.embedder.EclipseLogger - Using 'UTF-8' encoding to copy filtered resources.
2023-09-07 13:13:18,391 [Worker-20: Building] INFO  o.e.m.c.i.embedder.EclipseLogger - skip non existing resourceDirectory C:\Users\SISPAMPATHY\Desktop\Question_05\AutomationAnywhereTestQu05\src\test\resources
2023-09-07 13:20:39,229 [Worker-28: Building] INFO  o.e.m.c.i.l.LifecycleMappingFactory - Using org.eclipse.m2e.jdt.JarLifecycleMapping lifecycle mapping for MavenProject: AutomationAnywhereTestQu05:AutomationAnywhereTestQu05:0.0.1-SNAPSHOT @ C:\Users\SISPAMPATHY\Desktop\Question_05\AutomationAnywhereTestQu05\pom.xml.
2023-09-07 13:20:39,898 [Worker-28: Building] INFO  o.e.m.c.i.embedder.EclipseLogger - Using 'UTF-8' encoding to copy filtered resources.
2023-09-07 13:20:39,899 [Worker-28: Building] INFO  o.e.m.c.i.embedder.EclipseLogger - skip non existing resourceDirectory C:\Users\SISPAMPATHY\Desktop\Question_05\AutomationAnywhereTestQu05\src\main\resources
2023-09-07 13:20:39,903 [Worker-28: Building] INFO  o.e.m.c.i.embedder.EclipseLogger - Using 'UTF-8' encoding to copy filtered resources.
2023-09-07 13:20:39,903 [Worker-28: Building] INFO  o.e.m.c.i.embedder.EclipseLogger - skip non existing resourceDirectory C:\Users\SISPAMPATHY\Desktop\Question_05\AutomationAnywhereTestQu05\src\test\resources
2023-09-07 13:20:40,872 [Worker-27: Download sources and javadoc] INFO  o.e.m.c.i.e.AbstractTransferListenerAdapter - Downloaded http://azuvtafflex01:8383/repository/accello/org/slf4j/slf4j-simple/1.7.21/slf4j-simple-1.7.21-sources.jar
2023-09-07 13:20:41,532 [Worker-22: Building] INFO  o.e.m.c.i.embedder.EclipseLogger - Using 'UTF-8' encoding to copy filtered resources.
2023-09-07 13:20:41,533 [Worker-22: Building] INFO  o.e.m.c.i.embedder.EclipseLogger - skip non existing resourceDirectory C:\Users\SISPAMPATHY\Desktop\Question_05\AutomationAnywhereTestQu05\src\main\resources
2023-09-07 13:20:41,535 [Worker-22: Building] INFO  o.e.m.c.i.embedder.EclipseLogger - Using 'UTF-8' encoding to copy filtered resources.
2023-09-07 13:20:41,535 [Worker-22: Building] INFO  o.e.m.c.i.embedder.EclipseLogger - skip non existing resourceDirectory C:\Users\SISPAMPATHY\Desktop\Question_05\AutomationAnywhereTestQu05\src\test\resources
2023-09-07 13:20:41,615 [Worker-27: Download sources and javadoc] INFO  o.e.m.c.i.e.AbstractTransferListenerAdapter - Downloading https://repo.maven.apache.org/maven2/org/slf4j/slf4j-simple/1.7.21/slf4j-simple-1.7.21-sources.jar
2023-09-07 13:20:41,771 [Worker-27: Download sources and javadoc] INFO  o.e.m.c.i.e.AbstractTransferListenerAdapter - Downloaded https://repo.maven.apache.org/maven2/org/slf4j/slf4j-simple/1.7.21/slf4j-simple-1.7.21-sources.jar
2023-09-07 13:20:41,775 [Worker-27: Download sources and javadoc] INFO  o.e.m.j.internal.DownloadSourcesJob - Downloaded sources for org.slf4j:slf4j-simple:1.7.21
2023-09-07 13:20:42,580 [Worker-28: Building] INFO  o.e.m.c.i.embedder.EclipseLogger - Using 'UTF-8' encoding to copy filtered resources.
2023-09-07 13:20:42,581 [Worker-28: Building] INFO  o.e.m.c.i.embedder.EclipseLogger - skip non existing resourceDirectory C:\Users\SISPAMPATHY\Desktop\Question_05\AutomationAnywhereTestQu05\src\main\resources
2023-09-07 13:20:42,584 [Worker-28: Building] INFO  o.e.m.c.i.embedder.EclipseLogger - Using 'UTF-8' encoding to copy filtered resources.
2023-09-07 13:20:42,584 [Worker-28: Building] INFO  o.e.m.c.i.embedder.EclipseLogger - skip non existing resourceDirectory C:\Users\SISPAMPATHY\Desktop\Question_05\AutomationAnywhereTestQu05\src\test\resources
2023-09-07 13:24:39,701 [Worker-29: Building] INFO  o.e.m.c.i.l.LifecycleMappingFactory - Using org.eclipse.m2e.jdt.JarLifecycleMapping lifecycle mapping for MavenProject: AutomationAnywhereTestQu05:AutomationAnywhereTestQu05:0.0.1-SNAPSHOT @ C:\Users\SISPAMPATHY\Desktop\Question_05\AutomationAnywhereTestQu05\pom.xml.
2023-09-07 13:24:40,326 [Worker-29: Building] INFO  o.e.m.c.i.embedder.EclipseLogger - Using 'UTF-8' encoding to copy filtered resources.
2023-09-07 13:24:40,326 [Worker-29: Building] INFO  o.e.m.c.i.embedder.EclipseLogger - skip non existing resourceDirectory C:\Users\SISPAMPATHY\Desktop\Question_05\AutomationAnywhereTestQu05\src\main\resources
2023-09-07 13:24:40,330 [Worker-29: Building] INFO  o.e.m.c.i.embedder.EclipseLogger - Using 'UTF-8' encoding to copy filtered resources.
2023-09-07 13:24:40,330 [Worker-29: Building] INFO  o.e.m.c.i.embedder.EclipseLogger - skip non existing resourceDirectory C:\Users\SISPAMPATHY\Desktop\Question_05\AutomationAnywhereTestQu05\src\test\resources
2023-09-07 13:24:42,077 [Worker-31: Building] INFO  o.e.m.c.i.embedder.EclipseLogger - Using 'UTF-8' encoding to copy filtered resources.
2023-09-07 13:24:42,077 [Worker-31: Building] INFO  o.e.m.c.i.embedder.EclipseLogger - skip non existing resourceDirectory C:\Users\SISPAMPATHY\Desktop\Question_05\AutomationAnywhereTestQu05\src\main\resources
2023-09-07 13:24:42,080 [Worker-31: Building] INFO  o.e.m.c.i.embedder.EclipseLogger - Using 'UTF-8' encoding to copy filtered resources.
2023-09-07 13:24:42,080 [Worker-31: Building] INFO  o.e.m.c.i.embedder.EclipseLogger - skip non existing resourceDirectory C:\Users\SISPAMPATHY\Desktop\Question_05\AutomationAnywhereTestQu05\src\test\resources
2023-09-07 13:24:59,010 [Worker-5: Loading available Gradle versions] INFO  o.e.b.c.i.u.g.PublishedGradleVersions - Gradle version information cache is not available. Remote download required.
2023-09-07 13:27:02,697 [Worker-7: Building] INFO  o.e.m.c.i.embedder.EclipseLogger - Using 'UTF-8' encoding to copy filtered resources.
2023-09-07 13:27:02,697 [Worker-7: Building] INFO  o.e.m.c.i.embedder.EclipseLogger - skip non existing resourceDirectory C:\Users\SISPAMPATHY\Desktop\Question_05\AutomationAnywhereTestQu05\src\main\resources
2023-09-07 13:27:02,700 [Worker-7: Building] INFO  o.e.m.c.i.embedder.EclipseLogger - Using 'UTF-8' encoding to copy filtered resources.
2023-09-07 13:27:02,701 [Worker-7: Building] INFO  o.e.m.c.i.embedder.EclipseLogger - skip non existing resourceDirectory C:\Users\SISPAMPATHY\Desktop\Question_05\AutomationAnywhereTestQu05\src\test\resources
2023-09-07 13:29:48,521 [Worker-14: Building] INFO  o.e.m.c.i.embedder.EclipseLogger - Using 'UTF-8' encoding to copy filtered resources.
2023-09-07 13:29:48,521 [Worker-14: Building] INFO  o.e.m.c.i.embedder.EclipseLogger - skip non existing resourceDirectory C:\Users\SISPAMPATHY\Desktop\Question_05\AutomationAnywhereTestQu05\src\main\resources
2023-09-07 13:29:48,524 [Worker-14: Building] INFO  o.e.m.c.i.embedder.EclipseLogger - Using 'UTF-8' encoding to copy filtered resources.
2023-09-07 13:29:48,524 [Worker-14: Building] INFO  o.e.m.c.i.embedder.EclipseLogger - skip non existing resourceDirectory C:\Users\SISPAMPATHY\Desktop\Question_05\AutomationAnywhereTestQu05\src\test\resources
2023-09-07 13:30:42,421 [Worker-14: Building] INFO  o.e.m.c.i.embedder.EclipseLogger - Using 'UTF-8' encoding to copy filtered resources.
2023-09-07 13:30:42,421 [Worker-14: Building] INFO  o.e.m.c.i.embedder.EclipseLogger - skip non existing resourceDirectory C:\Users\SISPAMPATHY\Desktop\Question_05\AutomationAnywhereTestQu05\src\main\resources
2023-09-07 13:30:42,423 [Worker-14: Building] INFO  o.e.m.c.i.embedder.EclipseLogger - Using 'UTF-8' encoding to copy filtered resources.
2023-09-07 13:30:42,424 [Worker-14: Building] INFO  o.e.m.c.i.embedder.EclipseLogger - skip non existing resourceDirectory C:\Users\SISPAMPATHY\Desktop\Question_05\AutomationAnywhereTestQu05\src\test\resources
2023-09-07 13:31:19,791 [Worker-2: Building] INFO  o.e.m.c.i.embedder.EclipseLogger - Using 'UTF-8' encoding to copy filtered resources.
2023-09-07 13:31:19,792 [Worker-2: Building] INFO  o.e.m.c.i.embedder.EclipseLogger - skip non existing resourceDirectory C:\Users\SISPAMPATHY\Desktop\Question_05\AutomationAnywhereTestQu05\src\main\resources
2023-09-07 13:31:19,794 [Worker-2: Building] INFO  o.e.m.c.i.embedder.EclipseLogger - Using 'UTF-8' encoding to copy filtered resources.
2023-09-07 13:31:19,794 [Worker-2: Building] INFO  o.e.m.c.i.embedder.EclipseLogger - skip non existing resourceDirectory C:\Users\SISPAMPATHY\Desktop\Question_05\AutomationAnywhereTestQu05\src\test\resources
2023-09-07 13:36:52,614 [Worker-16: Building] INFO  o.e.m.c.i.l.LifecycleMappingFactory - Using org.eclipse.m2e.jdt.JarLifecycleMapping lifecycle mapping for MavenProject: AutomationAnywhereTestQu05:AutomationAnywhereTestQu05:0.0.1-SNAPSHOT @ C:\Users\SISPAMPATHY\Desktop\Question_05\AutomationAnywhereTestQu05\pom.xml.
2023-09-07 13:36:53,599 [Worker-16: Building] INFO  o.e.m.c.i.embedder.EclipseLogger - Using 'UTF-8' encoding to copy filtered resources.
2023-09-07 13:36:53,599 [Worker-16: Building] INFO  o.e.m.c.i.embedder.EclipseLogger - skip non existing resourceDirectory C:\Users\SISPAMPATHY\Desktop\Question_05\AutomationAnywhereTestQu05\src\main\resources
2023-09-07 13:36:53,603 [Worker-16: Building] INFO  o.e.m.c.i.embedder.EclipseLogger - Using 'UTF-8' encoding to copy filtered resources.
2023-09-07 13:36:53,603 [Worker-16: Building] INFO  o.e.m.c.i.embedder.EclipseLogger - skip non existing resourceDirectory C:\Users\SISPAMPATHY\Desktop\Question_05\AutomationAnywhereTestQu05\src\test\resources
2023-09-07 13:36:55,529 [Worker-16: Building] INFO  o.e.m.c.i.embedder.EclipseLogger - Using 'UTF-8' encoding to copy filtered resources.
2023-09-07 13:36:55,530 [Worker-16: Building] INFO  o.e.m.c.i.embedder.EclipseLogger - skip non existing resourceDirectory C:\Users\SISPAMPATHY\Desktop\Question_05\AutomationAnywhereTestQu05\src\main\resources
2023-09-07 13:36:55,533 [Worker-16: Building] INFO  o.e.m.c.i.embedder.EclipseLogger - Using 'UTF-8' encoding to copy filtered resources.
2023-09-07 13:36:55,534 [Worker-16: Building] INFO  o.e.m.c.i.embedder.EclipseLogger - skip non existing resourceDirectory C:\Users\SISPAMPATHY\Desktop\Question_05\AutomationAnywhereTestQu05\src\test\resources
2023-09-07 13:39:47,457 [Worker-18: Building] INFO  o.e.m.c.i.l.LifecycleMappingFactory - Using org.eclipse.m2e.jdt.JarLifecycleMapping lifecycle mapping for MavenProject: AutomationAnywhereTestQu05:AutomationAnywhereTestQu05:0.0.1-SNAPSHOT @ C:\Users\SISPAMPATHY\Desktop\Question_05\AutomationAnywhereTestQu05\pom.xml.
2023-09-07 13:39:48,171 [Worker-18: Building] INFO  o.e.m.c.i.embedder.EclipseLogger - Using 'UTF-8' encoding to copy filtered resources.
2023-09-07 13:39:48,171 [Worker-18: Building] INFO  o.e.m.c.i.embedder.EclipseLogger - skip non existing resourceDirectory C:\Users\SISPAMPATHY\Desktop\Question_05\AutomationAnywhereTestQu05\src\main\resources
2023-09-07 13:39:48,174 [Worker-18: Building] INFO  o.e.m.c.i.embedder.EclipseLogger - Using 'UTF-8' encoding to copy filtered resources.
2023-09-07 13:39:48,174 [Worker-18: Building] INFO  o.e.m.c.i.embedder.EclipseLogger - skip non existing resourceDirectory C:\Users\SISPAMPATHY\Desktop\Question_05\AutomationAnywhereTestQu05\src\test\resources
2023-09-07 13:39:49,437 [Worker-18: Download sources and javadoc] INFO  o.e.m.c.i.e.AbstractTransferListenerAdapter - Downloaded http://azuvtafflex01:8383/repository/accello/org/apache/logging/log4j/log4j/2.11.2/log4j-2.11.2-sources.jar
2023-09-07 13:39:50,514 [Worker-18: Download sources and javadoc] INFO  o.e.m.c.i.e.AbstractTransferListenerAdapter - Downloaded https://repo.maven.apache.org/maven2/org/apache/logging/log4j/log4j/2.11.2/log4j-2.11.2-sources.jar
2023-09-07 13:39:50,526 [Worker-18: Download sources and javadoc] ERROR o.e.m.j.internal.DownloadSourcesJob - Could not download sources for org.apache.logging.log4j:log4j:2.11.2
org.eclipse.core.runtime.CoreException: Could not resolve artifact org.apache.logging.log4j:log4j:jar:sources:2.11.2
	at org.eclipse.m2e.core.internal.embedder.MavenImpl.lambda$6(MavenImpl.java:587)
	at org.eclipse.m2e.core.internal.embedder.MavenExecutionContext.executeBare(MavenExecutionContext.java:364)
	at org.eclipse.m2e.core.internal.embedder.MavenExecutionContext.execute(MavenExecutionContext.java:227)
	at org.eclipse.m2e.core.internal.embedder.MavenExecutionContext.execute(MavenExecutionContext.java:213)
	at org.eclipse.m2e.core.internal.embedder.MavenImpl.resolve(MavenImpl.java:556)
	at org.eclipse.m2e.core.internal.embedder.MavenImpl.resolve(MavenImpl.java:541)
	at org.eclipse.m2e.jdt.internal.DownloadSourcesJob.download(DownloadSourcesJob.java:308)
	at org.eclipse.m2e.jdt.internal.DownloadSourcesJob.downloadAttachments(DownloadSourcesJob.java:282)
	at org.eclipse.m2e.jdt.internal.DownloadSourcesJob.downloadMaven(DownloadSourcesJob.java:252)
	at org.eclipse.m2e.jdt.internal.DownloadSourcesJob.downloadFilesAndPopulateToUpdate(DownloadSourcesJob.java:220)
	at org.eclipse.m2e.jdt.internal.DownloadSourcesJob.lambda$0(DownloadSourcesJob.java:149)
	at org.eclipse.m2e.core.internal.embedder.MavenExecutionContext.executeBare(MavenExecutionContext.java:364)
	at org.eclipse.m2e.core.internal.embedder.MavenExecutionContext.execute(MavenExecutionContext.java:274)
	at org.eclipse.m2e.core.internal.embedder.MavenExecutionContext.execute(MavenExecutionContext.java:213)
	at org.eclipse.m2e.core.embedder.IMaven.execute(IMaven.java:294)
	at org.eclipse.m2e.jdt.internal.DownloadSourcesJob.run(DownloadSourcesJob.java:149)
	at org.eclipse.core.internal.jobs.Worker.run(Worker.java:63)
2023-09-07 13:39:50,730 [Worker-18: Download sources and javadoc] INFO  o.e.m.c.i.e.AbstractTransferListenerAdapter - Downloaded http://azuvtafflex01:8383/repository/accello/org/apache/logging/log4j/log4j-slf4j-impl/2.11.2/log4j-slf4j-impl-2.11.2-sources.jar
2023-09-07 13:39:51,436 [Worker-18: Download sources and javadoc] INFO  o.e.m.c.i.e.AbstractTransferListenerAdapter - Downloading https://repo.maven.apache.org/maven2/org/apache/logging/log4j/log4j-slf4j-impl/2.11.2/log4j-slf4j-impl-2.11.2-sources.jar
2023-09-07 13:39:51,901 [Worker-18: Download sources and javadoc] INFO  o.e.m.c.i.e.AbstractTransferListenerAdapter - Downloaded https://repo.maven.apache.org/maven2/org/apache/logging/log4j/log4j-slf4j-impl/2.11.2/log4j-slf4j-impl-2.11.2-sources.jar
2023-09-07 13:39:51,906 [Worker-18: Download sources and javadoc] INFO  o.e.m.j.internal.DownloadSourcesJob - Downloaded sources for org.apache.logging.log4j:log4j-slf4j-impl:2.11.2
2023-09-07 13:39:52,135 [Worker-18: Download sources and javadoc] INFO  o.e.m.c.i.e.AbstractTransferListenerAdapter - Downloaded http://azuvtafflex01:8383/repository/accello/org/apache/logging/log4j/log4j-api/2.11.2/log4j-api-2.11.2-sources.jar
2023-09-07 13:39:52,537 [Worker-18: Download sources and javadoc] INFO  o.e.m.c.i.e.AbstractTransferListenerAdapter - Downloading https://repo.maven.apache.org/maven2/org/apache/logging/log4j/log4j-api/2.11.2/log4j-api-2.11.2-sources.jar
2023-09-07 13:39:53,170 [Worker-18: Download sources and javadoc] INFO  o.e.m.c.i.e.AbstractTransferListenerAdapter - Downloaded https://repo.maven.apache.org/maven2/org/apache/logging/log4j/log4j-api/2.11.2/log4j-api-2.11.2-sources.jar
2023-09-07 13:39:53,173 [Worker-18: Download sources and javadoc] INFO  o.e.m.j.internal.DownloadSourcesJob - Downloaded sources for org.apache.logging.log4j:log4j-api:2.11.2
2023-09-07 13:39:53,358 [Worker-18: Download sources and javadoc] INFO  o.e.m.c.i.e.AbstractTransferListenerAdapter - Downloaded http://azuvtafflex01:8383/repository/accello/org/apache/logging/log4j/log4j-core/2.11.2/log4j-core-2.11.2-sources.jar
2023-09-07 13:39:54,138 [Worker-18: Download sources and javadoc] INFO  o.e.m.c.i.e.AbstractTransferListenerAdapter - Downloading https://repo.maven.apache.org/maven2/org/apache/logging/log4j/log4j-core/2.11.2/log4j-core-2.11.2-sources.jar
2023-09-07 13:39:55,126 [Worker-18: Download sources and javadoc] INFO  o.e.m.c.i.e.AbstractTransferListenerAdapter - Downloaded https://repo.maven.apache.org/maven2/org/apache/logging/log4j/log4j-core/2.11.2/log4j-core-2.11.2-sources.jar
2023-09-07 13:39:55,131 [Worker-18: Download sources and javadoc] INFO  o.e.m.j.internal.DownloadSourcesJob - Downloaded sources for org.apache.logging.log4j:log4j-core:2.11.2
2023-09-07 13:39:55,363 [Worker-18: Building] INFO  o.e.m.c.i.embedder.EclipseLogger - Using 'UTF-8' encoding to copy filtered resources.
2023-09-07 13:39:55,363 [Worker-18: Building] INFO  o.e.m.c.i.embedder.EclipseLogger - skip non existing resourceDirectory C:\Users\SISPAMPATHY\Desktop\Question_05\AutomationAnywhereTestQu05\src\main\resources
2023-09-07 13:39:55,365 [Worker-18: Building] INFO  o.e.m.c.i.embedder.EclipseLogger - Using 'UTF-8' encoding to copy filtered resources.
2023-09-07 13:39:55,366 [Worker-18: Building] INFO  o.e.m.c.i.embedder.EclipseLogger - skip non existing resourceDirectory C:\Users\SISPAMPATHY\Desktop\Question_05\AutomationAnywhereTestQu05\src\test\resources
2023-09-07 13:40:26,187 [Worker-16: Building] INFO  o.e.m.c.i.l.LifecycleMappingFactory - Using org.eclipse.m2e.jdt.JarLifecycleMapping lifecycle mapping for MavenProject: AutomationAnywhereTestQu05:AutomationAnywhereTestQu05:0.0.1-SNAPSHOT @ C:\Users\SISPAMPATHY\Desktop\Question_05\AutomationAnywhereTestQu05\pom.xml.
2023-09-07 13:40:26,958 [Worker-16: Building] INFO  o.e.m.c.i.embedder.EclipseLogger - Using 'UTF-8' encoding to copy filtered resources.
2023-09-07 13:40:26,958 [Worker-16: Building] INFO  o.e.m.c.i.embedder.EclipseLogger - skip non existing resourceDirectory C:\Users\SISPAMPATHY\Desktop\Question_05\AutomationAnywhereTestQu05\src\main\resources
2023-09-07 13:40:26,962 [Worker-16: Building] INFO  o.e.m.c.i.embedder.EclipseLogger - Using 'UTF-8' encoding to copy filtered resources.
2023-09-07 13:40:26,962 [Worker-16: Building] INFO  o.e.m.c.i.embedder.EclipseLogger - skip non existing resourceDirectory C:\Users\SISPAMPATHY\Desktop\Question_05\AutomationAnywhereTestQu05\src\test\resources
2023-09-07 13:40:28,266 [Worker-17: Building] INFO  o.e.m.c.i.embedder.EclipseLogger - Using 'UTF-8' encoding to copy filtered resources.
2023-09-07 13:40:28,266 [Worker-17: Building] INFO  o.e.m.c.i.embedder.EclipseLogger - skip non existing resourceDirectory C:\Users\SISPAMPATHY\Desktop\Question_05\AutomationAnywhereTestQu05\src\main\resources
2023-09-07 13:40:28,268 [Worker-17: Building] INFO  o.e.m.c.i.embedder.EclipseLogger - Using 'UTF-8' encoding to copy filtered resources.
2023-09-07 13:40:28,268 [Worker-17: Building] INFO  o.e.m.c.i.embedder.EclipseLogger - skip non existing resourceDirectory C:\Users\SISPAMPATHY\Desktop\Question_05\AutomationAnywhereTestQu05\src\test\resources
2023-09-07 13:41:40,157 [Worker-16: Building] INFO  o.e.m.c.i.l.LifecycleMappingFactory - Using org.eclipse.m2e.jdt.JarLifecycleMapping lifecycle mapping for MavenProject: AutomationAnywhereTestQu05:AutomationAnywhereTestQu05:0.0.1-SNAPSHOT @ C:\Users\SISPAMPATHY\Desktop\Question_05\AutomationAnywhereTestQu05\pom.xml.
2023-09-07 13:41:40,681 [Worker-16: Building] INFO  o.e.m.c.i.embedder.EclipseLogger - Using 'UTF-8' encoding to copy filtered resources.
2023-09-07 13:41:40,682 [Worker-16: Building] INFO  o.e.m.c.i.embedder.EclipseLogger - skip non existing resourceDirectory C:\Users\SISPAMPATHY\Desktop\Question_05\AutomationAnywhereTestQu05\src\main\resources
2023-09-07 13:41:40,684 [Worker-16: Building] INFO  o.e.m.c.i.embedder.EclipseLogger - Using 'UTF-8' encoding to copy filtered resources.
2023-09-07 13:41:40,684 [Worker-16: Building] INFO  o.e.m.c.i.embedder.EclipseLogger - skip non existing resourceDirectory C:\Users\SISPAMPATHY\Desktop\Question_05\AutomationAnywhereTestQu05\src\test\resources
2023-09-07 13:41:41,985 [Worker-19: Building] INFO  o.e.m.c.i.embedder.EclipseLogger - Using 'UTF-8' encoding to copy filtered resources.
2023-09-07 13:41:41,986 [Worker-19: Building] INFO  o.e.m.c.i.embedder.EclipseLogger - skip non existing resourceDirectory C:\Users\SISPAMPATHY\Desktop\Question_05\AutomationAnywhereTestQu05\src\main\resources
2023-09-07 13:41:41,988 [Worker-19: Building] INFO  o.e.m.c.i.embedder.EclipseLogger - Using 'UTF-8' encoding to copy filtered resources.
2023-09-07 13:41:41,988 [Worker-19: Building] INFO  o.e.m.c.i.embedder.EclipseLogger - skip non existing resourceDirectory C:\Users\SISPAMPATHY\Desktop\Question_05\AutomationAnywhereTestQu05\src\test\resources
2023-09-07 13:44:14,167 [Worker-24: Building] INFO  o.e.m.c.i.l.LifecycleMappingFactory - Using org.eclipse.m2e.jdt.JarLifecycleMapping lifecycle mapping for MavenProject: AutomationAnywhereTestQu05:AutomationAnywhereTestQu05:0.0.1-SNAPSHOT @ C:\Users\SISPAMPATHY\Desktop\Question_05\AutomationAnywhereTestQu05\pom.xml.
2023-09-07 13:44:14,984 [Worker-24: Building] INFO  o.e.m.c.i.embedder.EclipseLogger - Using 'UTF-8' encoding to copy filtered resources.
2023-09-07 13:44:14,984 [Worker-24: Building] INFO  o.e.m.c.i.embedder.EclipseLogger - skip non existing resourceDirectory C:\Users\SISPAMPATHY\Desktop\Question_05\AutomationAnywhereTestQu05\src\main\resources
2023-09-07 13:44:14,987 [Worker-24: Building] INFO  o.e.m.c.i.embedder.EclipseLogger - Using 'UTF-8' encoding to copy filtered resources.
2023-09-07 13:44:14,988 [Worker-24: Building] INFO  o.e.m.c.i.embedder.EclipseLogger - skip non existing resourceDirectory C:\Users\SISPAMPATHY\Desktop\Question_05\AutomationAnywhereTestQu05\src\test\resources
2023-09-07 13:44:16,051 [Worker-25: Download sources and javadoc] INFO  o.e.m.c.i.e.AbstractTransferListenerAdapter - Downloaded http://azuvtafflex01:8383/repository/accello/org/apache/logging/log4j/log4j/2.11.2/log4j-2.11.2-javadoc.jar
2023-09-07 13:44:16,960 [Worker-25: Download sources and javadoc] INFO  o.e.m.c.i.e.AbstractTransferListenerAdapter - Downloaded https://repo.maven.apache.org/maven2/org/apache/logging/log4j/log4j/2.11.2/log4j-2.11.2-javadoc.jar
2023-09-07 13:44:16,963 [Worker-25: Download sources and javadoc] ERROR o.e.m.j.internal.DownloadSourcesJob - Could not download javadoc for org.apache.logging.log4j:log4j:2.11.2
org.eclipse.core.runtime.CoreException: Could not resolve artifact org.apache.logging.log4j:log4j:jar:javadoc:2.11.2
	at org.eclipse.m2e.core.internal.embedder.MavenImpl.lambda$6(MavenImpl.java:587)
	at org.eclipse.m2e.core.internal.embedder.MavenExecutionContext.executeBare(MavenExecutionContext.java:364)
	at org.eclipse.m2e.core.internal.embedder.MavenExecutionContext.execute(MavenExecutionContext.java:227)
	at org.eclipse.m2e.core.internal.embedder.MavenExecutionContext.execute(MavenExecutionContext.java:213)
	at org.eclipse.m2e.core.internal.embedder.MavenImpl.resolve(MavenImpl.java:556)
	at org.eclipse.m2e.core.internal.embedder.MavenImpl.resolve(MavenImpl.java:541)
	at org.eclipse.m2e.jdt.internal.DownloadSourcesJob.download(DownloadSourcesJob.java:308)
	at org.eclipse.m2e.jdt.internal.DownloadSourcesJob.downloadAttachments(DownloadSourcesJob.java:294)
	at org.eclipse.m2e.jdt.internal.DownloadSourcesJob.downloadMaven(DownloadSourcesJob.java:252)
	at org.eclipse.m2e.jdt.internal.DownloadSourcesJob.downloadFilesAndPopulateToUpdate(DownloadSourcesJob.java:220)
	at org.eclipse.m2e.jdt.internal.DownloadSourcesJob.lambda$0(DownloadSourcesJob.java:149)
	at org.eclipse.m2e.core.internal.embedder.MavenExecutionContext.executeBare(MavenExecutionContext.java:364)
	at org.eclipse.m2e.core.internal.embedder.MavenExecutionContext.execute(MavenExecutionContext.java:274)
	at org.eclipse.m2e.core.internal.embedder.MavenExecutionContext.execute(MavenExecutionContext.java:213)
	at org.eclipse.m2e.core.embedder.IMaven.execute(IMaven.java:294)
	at org.eclipse.m2e.jdt.internal.DownloadSourcesJob.run(DownloadSourcesJob.java:149)
	at org.eclipse.core.internal.jobs.Worker.run(Worker.java:63)
2023-09-07 13:44:51,212 [Worker-24: Building] INFO  o.e.m.c.i.l.LifecycleMappingFactory - Using org.eclipse.m2e.jdt.JarLifecycleMapping lifecycle mapping for MavenProject: AutomationAnywhereTestQu05:AutomationAnywhereTestQu05:0.0.1-SNAPSHOT @ C:\Users\SISPAMPATHY\Desktop\Question_05\AutomationAnywhereTestQu05\pom.xml.
2023-09-07 13:44:51,878 [Worker-24: Building] INFO  o.e.m.c.i.embedder.EclipseLogger - Using 'UTF-8' encoding to copy filtered resources.
2023-09-07 13:44:51,879 [Worker-24: Building] INFO  o.e.m.c.i.embedder.EclipseLogger - skip non existing resourceDirectory C:\Users\SISPAMPATHY\Desktop\Question_05\AutomationAnywhereTestQu05\src\main\resources
2023-09-07 13:44:51,881 [Worker-24: Building] INFO  o.e.m.c.i.embedder.EclipseLogger - Using 'UTF-8' encoding to copy filtered resources.
2023-09-07 13:44:51,882 [Worker-24: Building] INFO  o.e.m.c.i.embedder.EclipseLogger - skip non existing resourceDirectory C:\Users\SISPAMPATHY\Desktop\Question_05\AutomationAnywhereTestQu05\src\test\resources
2023-09-07 13:44:53,466 [Worker-26: Building] INFO  o.e.m.c.i.embedder.EclipseLogger - Using 'UTF-8' encoding to copy filtered resources.
2023-09-07 13:44:53,466 [Worker-26: Building] INFO  o.e.m.c.i.embedder.EclipseLogger - skip non existing resourceDirectory C:\Users\SISPAMPATHY\Desktop\Question_05\AutomationAnywhereTestQu05\src\main\resources
2023-09-07 13:44:53,467 [Worker-26: Building] INFO  o.e.m.c.i.embedder.EclipseLogger - Using 'UTF-8' encoding to copy filtered resources.
2023-09-07 13:44:53,468 [Worker-26: Building] INFO  o.e.m.c.i.embedder.EclipseLogger - skip non existing resourceDirectory C:\Users\SISPAMPATHY\Desktop\Question_05\AutomationAnywhereTestQu05\src\test\resources
2023-09-07 13:47:40,111 [Worker-25: Building] INFO  o.e.m.c.i.l.LifecycleMappingFactory - Using org.eclipse.m2e.jdt.JarLifecycleMapping lifecycle mapping for MavenProject: AutomationAnywhereTestQu05:AutomationAnywhereTestQu05:0.0.1-SNAPSHOT @ C:\Users\SISPAMPATHY\Desktop\Question_05\AutomationAnywhereTestQu05\pom.xml.
2023-09-07 13:47:40,714 [Worker-25: Building] INFO  o.e.m.c.i.embedder.EclipseLogger - Using 'UTF-8' encoding to copy filtered resources.
2023-09-07 13:47:40,714 [Worker-25: Building] INFO  o.e.m.c.i.embedder.EclipseLogger - skip non existing resourceDirectory C:\Users\SISPAMPATHY\Desktop\Question_05\AutomationAnywhereTestQu05\src\main\resources
2023-09-07 13:47:40,718 [Worker-25: Building] INFO  o.e.m.c.i.embedder.EclipseLogger - Using 'UTF-8' encoding to copy filtered resources.
2023-09-07 13:47:40,719 [Worker-25: Building] INFO  o.e.m.c.i.embedder.EclipseLogger - skip non existing resourceDirectory C:\Users\SISPAMPATHY\Desktop\Question_05\AutomationAnywhereTestQu05\src\test\resources
2023-09-07 13:47:41,804 [Worker-26: Download sources and javadoc] INFO  o.e.m.c.i.e.AbstractTransferListenerAdapter - Downloaded http://azuvtafflex01:8383/repository/accello/org/slf4j/slf4j-simple/1.7.32/slf4j-simple-1.7.32-sources.jar
2023-09-07 13:47:42,299 [Worker-25: Building] INFO  o.e.m.c.i.embedder.EclipseLogger - Using 'UTF-8' encoding to copy filtered resources.
2023-09-07 13:47:42,299 [Worker-25: Building] INFO  o.e.m.c.i.embedder.EclipseLogger - skip non existing resourceDirectory C:\Users\SISPAMPATHY\Desktop\Question_05\AutomationAnywhereTestQu05\src\main\resources
2023-09-07 13:47:42,302 [Worker-25: Building] INFO  o.e.m.c.i.embedder.EclipseLogger - Using 'UTF-8' encoding to copy filtered resources.
2023-09-07 13:47:42,302 [Worker-25: Building] INFO  o.e.m.c.i.embedder.EclipseLogger - skip non existing resourceDirectory C:\Users\SISPAMPATHY\Desktop\Question_05\AutomationAnywhereTestQu05\src\test\resources
2023-09-07 13:47:42,409 [Worker-26: Download sources and javadoc] INFO  o.e.m.c.i.e.AbstractTransferListenerAdapter - Downloading https://repo.maven.apache.org/maven2/org/slf4j/slf4j-simple/1.7.32/slf4j-simple-1.7.32-sources.jar
2023-09-07 13:47:42,793 [Worker-26: Download sources and javadoc] INFO  o.e.m.c.i.e.AbstractTransferListenerAdapter - Downloaded https://repo.maven.apache.org/maven2/org/slf4j/slf4j-simple/1.7.32/slf4j-simple-1.7.32-sources.jar
2023-09-07 13:47:42,800 [Worker-26: Download sources and javadoc] INFO  o.e.m.j.internal.DownloadSourcesJob - Downloaded sources for org.slf4j:slf4j-simple:1.7.32
2023-09-07 13:47:43,034 [Worker-26: Download sources and javadoc] INFO  o.e.m.c.i.e.AbstractTransferListenerAdapter - Downloaded http://azuvtafflex01:8383/repository/accello/org/slf4j/slf4j-api/1.7.32/slf4j-api-1.7.32-sources.jar
2023-09-07 13:47:43,609 [Worker-26: Download sources and javadoc] INFO  o.e.m.c.i.e.AbstractTransferListenerAdapter - Downloading https://repo.maven.apache.org/maven2/org/slf4j/slf4j-api/1.7.32/slf4j-api-1.7.32-sources.jar
2023-09-07 13:47:44,049 [Worker-26: Download sources and javadoc] INFO  o.e.m.c.i.e.AbstractTransferListenerAdapter - Downloaded https://repo.maven.apache.org/maven2/org/slf4j/slf4j-api/1.7.32/slf4j-api-1.7.32-sources.jar
2023-09-07 13:47:44,051 [Worker-26: Download sources and javadoc] INFO  o.e.m.j.internal.DownloadSourcesJob - Downloaded sources for org.slf4j:slf4j-api:1.7.32
2023-09-07 13:47:44,317 [Worker-30: Building] INFO  o.e.m.c.i.embedder.EclipseLogger - Using 'UTF-8' encoding to copy filtered resources.
2023-09-07 13:47:44,317 [Worker-30: Building] INFO  o.e.m.c.i.embedder.EclipseLogger - skip non existing resourceDirectory C:\Users\SISPAMPATHY\Desktop\Question_05\AutomationAnywhereTestQu05\src\main\resources
2023-09-07 13:47:44,319 [Worker-30: Building] INFO  o.e.m.c.i.embedder.EclipseLogger - Using 'UTF-8' encoding to copy filtered resources.
2023-09-07 13:47:44,319 [Worker-30: Building] INFO  o.e.m.c.i.embedder.EclipseLogger - skip non existing resourceDirectory C:\Users\SISPAMPATHY\Desktop\Question_05\AutomationAnywhereTestQu05\src\test\resources
2023-09-07 13:47:57,967 [Worker-7: Loading available Gradle versions] INFO  o.e.b.c.i.u.g.PublishedGradleVersions - Gradle version information cache is not available. Remote download required.
2023-09-07 13:52:54,154 [Worker-16: Building] INFO  o.e.m.c.i.l.LifecycleMappingFactory - Using org.eclipse.m2e.jdt.JarLifecycleMapping lifecycle mapping for MavenProject: AutomationAnywhereTestQu05:AutomationAnywhereTestQu05:0.0.1-SNAPSHOT @ C:\Users\SISPAMPATHY\Desktop\Question_05\AutomationAnywhereTestQu05\pom.xml.
2023-09-07 13:52:54,976 [Worker-16: Building] INFO  o.e.m.c.i.embedder.EclipseLogger - Using 'UTF-8' encoding to copy filtered resources.
2023-09-07 13:52:54,977 [Worker-16: Building] INFO  o.e.m.c.i.embedder.EclipseLogger - skip non existing resourceDirectory C:\Users\SISPAMPATHY\Desktop\Question_05\AutomationAnywhereTestQu05\src\main\resources
2023-09-07 13:52:54,982 [Worker-16: Building] INFO  o.e.m.c.i.embedder.EclipseLogger - Using 'UTF-8' encoding to copy filtered resources.
2023-09-07 13:52:54,982 [Worker-16: Building] INFO  o.e.m.c.i.embedder.EclipseLogger - skip non existing resourceDirectory C:\Users\SISPAMPATHY\Desktop\Question_05\AutomationAnywhereTestQu05\src\test\resources
2023-09-07 13:52:56,664 [Worker-17: Building] INFO  o.e.m.c.i.embedder.EclipseLogger - Using 'UTF-8' encoding to copy filtered resources.
2023-09-07 13:52:56,664 [Worker-17: Building] INFO  o.e.m.c.i.embedder.EclipseLogger - skip non existing resourceDirectory C:\Users\SISPAMPATHY\Desktop\Question_05\AutomationAnywhereTestQu05\src\main\resources
2023-09-07 13:52:56,666 [Worker-17: Building] INFO  o.e.m.c.i.embedder.EclipseLogger - Using 'UTF-8' encoding to copy filtered resources.
2023-09-07 13:52:56,666 [Worker-17: Building] INFO  o.e.m.c.i.embedder.EclipseLogger - skip non existing resourceDirectory C:\Users\SISPAMPATHY\Desktop\Question_05\AutomationAnywhereTestQu05\src\test\resources
2023-09-07 13:53:21,714 [Worker-16: Building] INFO  o.e.m.c.i.embedder.EclipseLogger - Using 'UTF-8' encoding to copy filtered resources.
2023-09-07 13:53:21,715 [Worker-16: Building] INFO  o.e.m.c.i.embedder.EclipseLogger - skip non existing resourceDirectory C:\Users\SISPAMPATHY\Desktop\Question_05\AutomationAnywhereTestQu05\src\main\resources
2023-09-07 13:53:21,717 [Worker-16: Building] INFO  o.e.m.c.i.embedder.EclipseLogger - Using 'UTF-8' encoding to copy filtered resources.
2023-09-07 13:53:21,718 [Worker-16: Building] INFO  o.e.m.c.i.embedder.EclipseLogger - skip non existing resourceDirectory C:\Users\SISPAMPATHY\Desktop\Question_05\AutomationAnywhereTestQu05\src\test\resources
2023-09-07 13:58:43,126 [Worker-20: Building] INFO  o.e.m.c.i.l.LifecycleMappingFactory - Using org.eclipse.m2e.jdt.JarLifecycleMapping lifecycle mapping for MavenProject: AutomationAnywhereTestQu05:AutomationAnywhereTestQu05:0.0.1-SNAPSHOT @ C:\Users\SISPAMPATHY\Desktop\Question_05\AutomationAnywhereTestQu05\pom.xml.
2023-09-07 13:58:43,726 [Worker-20: Building] INFO  o.e.m.c.i.embedder.EclipseLogger - Using 'UTF-8' encoding to copy filtered resources.
2023-09-07 13:58:43,726 [Worker-20: Building] INFO  o.e.m.c.i.embedder.EclipseLogger - skip non existing resourceDirectory C:\Users\SISPAMPATHY\Desktop\Question_05\AutomationAnywhereTestQu05\src\main\resources
2023-09-07 13:58:43,729 [Worker-20: Building] INFO  o.e.m.c.i.embedder.EclipseLogger - Using 'UTF-8' encoding to copy filtered resources.
2023-09-07 13:58:43,729 [Worker-20: Building] INFO  o.e.m.c.i.embedder.EclipseLogger - skip non existing resourceDirectory C:\Users\SISPAMPATHY\Desktop\Question_05\AutomationAnywhereTestQu05\src\test\resources
2023-09-07 13:59:25,824 [Worker-19: Building] INFO  o.e.m.c.i.embedder.EclipseLogger - Using 'UTF-8' encoding to copy filtered resources.
2023-09-07 13:59:25,825 [Worker-19: Building] INFO  o.e.m.c.i.embedder.EclipseLogger - skip non existing resourceDirectory C:\Users\SISPAMPATHY\Desktop\Question_05\AutomationAnywhereTestQu05\src\main\resources
2023-09-07 13:59:25,828 [Worker-19: Building] INFO  o.e.m.c.i.embedder.EclipseLogger - Using 'UTF-8' encoding to copy filtered resources.
2023-09-07 13:59:25,828 [Worker-19: Building] INFO  o.e.m.c.i.embedder.EclipseLogger - skip non existing resourceDirectory C:\Users\SISPAMPATHY\Desktop\Question_05\AutomationAnywhereTestQu05\src\test\resources
2023-09-07 14:01:31,748 [Worker-18: Building] INFO  o.e.m.c.i.embedder.EclipseLogger - Using 'UTF-8' encoding to copy filtered resources.
2023-09-07 14:01:31,749 [Worker-18: Building] INFO  o.e.m.c.i.embedder.EclipseLogger - skip non existing resourceDirectory C:\Users\SISPAMPATHY\Desktop\Question_05\AutomationAnywhereTestQu05\src\main\resources
2023-09-07 14:01:31,750 [Worker-18: Building] INFO  o.e.m.c.i.embedder.EclipseLogger - Using 'UTF-8' encoding to copy filtered resources.
2023-09-07 14:01:31,751 [Worker-18: Building] INFO  o.e.m.c.i.embedder.EclipseLogger - skip non existing resourceDirectory C:\Users\SISPAMPATHY\Desktop\Question_05\AutomationAnywhereTestQu05\src\test\resources
2023-09-07 14:04:37,653 [Worker-26: Building] INFO  o.e.m.c.i.embedder.EclipseLogger - Using 'UTF-8' encoding to copy filtered resources.
2023-09-07 14:04:37,657 [Worker-26: Building] INFO  o.e.m.c.i.embedder.EclipseLogger - skip non existing resourceDirectory C:\Users\SISPAMPATHY\Desktop\Question_05\AutomationAnywhereTestQu05\src\main\resources
2023-09-07 14:04:37,662 [Worker-26: Building] INFO  o.e.m.c.i.embedder.EclipseLogger - Using 'UTF-8' encoding to copy filtered resources.
2023-09-07 14:04:37,662 [Worker-26: Building] INFO  o.e.m.c.i.embedder.EclipseLogger - skip non existing resourceDirectory C:\Users\SISPAMPATHY\Desktop\Question_05\AutomationAnywhereTestQu05\src\test\resources
2023-09-07 14:10:58,879 [Worker-27: Building] INFO  o.e.m.c.i.l.LifecycleMappingFactory - Using org.eclipse.m2e.jdt.JarLifecycleMapping lifecycle mapping for MavenProject: AutomationAnywhereTestQu05:AutomationAnywhereTestQu05:0.0.1-SNAPSHOT @ C:\Users\SISPAMPATHY\Desktop\Question_05\AutomationAnywhereTestQu05\pom.xml.
2023-09-07 14:10:59,385 [Worker-27: Building] INFO  o.e.m.c.i.embedder.EclipseLogger - Using 'UTF-8' encoding to copy filtered resources.
2023-09-07 14:10:59,385 [Worker-27: Building] INFO  o.e.m.c.i.embedder.EclipseLogger - skip non existing resourceDirectory C:\Users\SISPAMPATHY\Desktop\Question_05\AutomationAnywhereTestQu05\src\main\resources
2023-09-07 14:10:59,388 [Worker-27: Building] INFO  o.e.m.c.i.embedder.EclipseLogger - Using 'UTF-8' encoding to copy filtered resources.
2023-09-07 14:10:59,388 [Worker-27: Building] INFO  o.e.m.c.i.embedder.EclipseLogger - skip non existing resourceDirectory C:\Users\SISPAMPATHY\Desktop\Question_05\AutomationAnywhereTestQu05\src\test\resources
2023-09-07 14:11:00,591 [Worker-26: Download sources and javadoc] INFO  o.e.m.c.i.e.AbstractTransferListenerAdapter - Downloaded http://azuvtafflex01:8383/repository/accello/org/testng/testng/6.8/testng-6.8-sources.jar
2023-09-07 14:11:01,147 [Worker-31: Building] INFO  o.e.m.c.i.embedder.EclipseLogger - Using 'UTF-8' encoding to copy filtered resources.
2023-09-07 14:11:01,147 [Worker-31: Building] INFO  o.e.m.c.i.embedder.EclipseLogger - skip non existing resourceDirectory C:\Users\SISPAMPATHY\Desktop\Question_05\AutomationAnywhereTestQu05\src\main\resources
2023-09-07 14:11:01,149 [Worker-31: Building] INFO  o.e.m.c.i.embedder.EclipseLogger - Using 'UTF-8' encoding to copy filtered resources.
2023-09-07 14:11:01,150 [Worker-31: Building] INFO  o.e.m.c.i.embedder.EclipseLogger - skip non existing resourceDirectory C:\Users\SISPAMPATHY\Desktop\Question_05\AutomationAnywhereTestQu05\src\test\resources
2023-09-07 14:11:01,514 [Worker-26: Download sources and javadoc] INFO  o.e.m.c.i.e.AbstractTransferListenerAdapter - Downloading https://repo.maven.apache.org/maven2/org/testng/testng/6.8/testng-6.8-sources.jar
2023-09-07 14:11:02,113 [Worker-26: Download sources and javadoc] INFO  o.e.m.c.i.e.AbstractTransferListenerAdapter - Downloaded https://repo.maven.apache.org/maven2/org/testng/testng/6.8/testng-6.8-sources.jar
2023-09-07 14:11:02,119 [Worker-26: Download sources and javadoc] INFO  o.e.m.j.internal.DownloadSourcesJob - Downloaded sources for org.testng:testng:6.8
2023-09-07 14:11:02,338 [Worker-26: Download sources and javadoc] INFO  o.e.m.c.i.e.AbstractTransferListenerAdapter - Downloaded http://azuvtafflex01:8383/repository/accello/com/beust/jcommander/1.27/jcommander-1.27-sources.jar
2023-09-07 14:11:02,870 [Worker-26: Download sources and javadoc] INFO  o.e.m.c.i.e.AbstractTransferListenerAdapter - Downloading https://repo.maven.apache.org/maven2/com/beust/jcommander/1.27/jcommander-1.27-sources.jar
2023-09-07 14:11:03,343 [Worker-26: Download sources and javadoc] INFO  o.e.m.c.i.e.AbstractTransferListenerAdapter - Downloaded https://repo.maven.apache.org/maven2/com/beust/jcommander/1.27/jcommander-1.27-sources.jar
2023-09-07 14:11:03,346 [Worker-26: Download sources and javadoc] INFO  o.e.m.j.internal.DownloadSourcesJob - Downloaded sources for com.beust:jcommander:1.27
2023-09-07 14:11:03,596 [Worker-30: Building] INFO  o.e.m.c.i.embedder.EclipseLogger - Using 'UTF-8' encoding to copy filtered resources.
2023-09-07 14:11:03,596 [Worker-30: Building] INFO  o.e.m.c.i.embedder.EclipseLogger - skip non existing resourceDirectory C:\Users\SISPAMPATHY\Desktop\Question_05\AutomationAnywhereTestQu05\src\main\resources
2023-09-07 14:11:03,599 [Worker-30: Building] INFO  o.e.m.c.i.embedder.EclipseLogger - Using 'UTF-8' encoding to copy filtered resources.
2023-09-07 14:11:03,599 [Worker-30: Building] INFO  o.e.m.c.i.embedder.EclipseLogger - skip non existing resourceDirectory C:\Users\SISPAMPATHY\Desktop\Question_05\AutomationAnywhereTestQu05\src\test\resources
2023-09-07 14:15:07,453 [Worker-34: Building] INFO  o.e.m.c.i.embedder.EclipseLogger - Using 'UTF-8' encoding to copy filtered resources.
2023-09-07 14:15:07,453 [Worker-34: Building] INFO  o.e.m.c.i.embedder.EclipseLogger - skip non existing resourceDirectory C:\Users\SISPAMPATHY\Desktop\Question_05\AutomationAnywhereTestQu05\src\main\resources
2023-09-07 14:15:07,455 [Worker-34: Building] INFO  o.e.m.c.i.embedder.EclipseLogger - Using 'UTF-8' encoding to copy filtered resources.
2023-09-07 14:15:07,456 [Worker-34: Building] INFO  o.e.m.c.i.embedder.EclipseLogger - skip non existing resourceDirectory C:\Users\SISPAMPATHY\Desktop\Question_05\AutomationAnywhereTestQu05\src\test\resources
2023-09-07 14:16:20,941 [Worker-34: Building] INFO  o.e.m.c.i.embedder.EclipseLogger - Using 'UTF-8' encoding to copy filtered resources.
2023-09-07 14:16:20,941 [Worker-34: Building] INFO  o.e.m.c.i.embedder.EclipseLogger - skip non existing resourceDirectory C:\Users\SISPAMPATHY\Desktop\Question_05\AutomationAnywhereTestQu05\src\main\resources
2023-09-07 14:16:20,944 [Worker-34: Building] INFO  o.e.m.c.i.embedder.EclipseLogger - Using 'UTF-8' encoding to copy filtered resources.
2023-09-07 14:16:20,944 [Worker-34: Building] INFO  o.e.m.c.i.embedder.EclipseLogger - skip non existing resourceDirectory C:\Users\SISPAMPATHY\Desktop\Question_05\AutomationAnywhereTestQu05\src\test\resources
2023-09-07 14:18:44,940 [Worker-35: Building] INFO  o.e.m.c.i.embedder.EclipseLogger - Using 'UTF-8' encoding to copy filtered resources.
2023-09-07 14:18:44,940 [Worker-35: Building] INFO  o.e.m.c.i.embedder.EclipseLogger - skip non existing resourceDirectory C:\Users\SISPAMPATHY\Desktop\Question_05\AutomationAnywhereTestQu05\src\main\resources
2023-09-07 14:18:44,942 [Worker-35: Building] INFO  o.e.m.c.i.embedder.EclipseLogger - Using 'UTF-8' encoding to copy filtered resources.
2023-09-07 14:18:44,943 [Worker-35: Building] INFO  o.e.m.c.i.embedder.EclipseLogger - skip non existing resourceDirectory C:\Users\SISPAMPATHY\Desktop\Question_05\AutomationAnywhereTestQu05\src\test\resources
